{"D:\\digital-library-card-management\\digital-library\\backend\\issueController.js": {"path":"D:\\digital-library-card-management\\digital-library\\backend\\issueController.js","statementMap":{"0":{"start":{"line":1,"column":20},"end":{"line":1,"column":51}},"1":{"start":{"line":2,"column":13},"end":{"line":2,"column":37}},"2":{"start":{"line":3,"column":20},"end":{"line":3,"column":51}},"3":{"start":{"line":4,"column":13},"end":{"line":4,"column":37}},"4":{"start":{"line":5,"column":13},"end":{"line":5,"column":37}},"5":{"start":{"line":6,"column":53},"end":{"line":6,"column":83}},"6":{"start":{"line":7,"column":44},"end":{"line":7,"column":77}},"7":{"start":{"line":8,"column":21},"end":{"line":8,"column":52}},"8":{"start":{"line":9,"column":15},"end":{"line":9,"column":40}},"9":{"start":{"line":15,"column":0},"end":{"line":108,"column":3}},"10":{"start":{"line":16,"column":32},"end":{"line":16,"column":40}},"11":{"start":{"line":19,"column":18},"end":{"line":19,"column":48}},"12":{"start":{"line":20,"column":2},"end":{"line":22,"column":3}},"13":{"start":{"line":21,"column":4},"end":{"line":21,"column":58}},"14":{"start":{"line":25,"column":15},"end":{"line":25,"column":64}},"15":{"start":{"line":26,"column":2},"end":{"line":28,"column":3}},"16":{"start":{"line":27,"column":4},"end":{"line":27,"column":79}},"17":{"start":{"line":29,"column":2},"end":{"line":31,"column":3}},"18":{"start":{"line":30,"column":4},"end":{"line":30,"column":104}},"19":{"start":{"line":32,"column":2},"end":{"line":34,"column":3}},"20":{"start":{"line":33,"column":4},"end":{"line":33,"column":78}},"21":{"start":{"line":35,"column":2},"end":{"line":40,"column":3}},"22":{"start":{"line":36,"column":4},"end":{"line":39,"column":6}},"23":{"start":{"line":43,"column":22},"end":{"line":43,"column":90}},"24":{"start":{"line":44,"column":2},"end":{"line":49,"column":3}},"25":{"start":{"line":45,"column":4},"end":{"line":48,"column":6}},"26":{"start":{"line":52,"column":15},"end":{"line":52,"column":42}},"27":{"start":{"line":53,"column":2},"end":{"line":55,"column":3}},"28":{"start":{"line":54,"column":4},"end":{"line":54,"column":55}},"29":{"start":{"line":56,"column":2},"end":{"line":58,"column":3}},"30":{"start":{"line":57,"column":4},"end":{"line":57,"column":89}},"31":{"start":{"line":61,"column":24},"end":{"line":65,"column":4}},"32":{"start":{"line":66,"column":2},"end":{"line":68,"column":3}},"33":{"start":{"line":67,"column":4},"end":{"line":67,"column":77}},"34":{"start":{"line":71,"column":18},"end":{"line":71,"column":46}},"35":{"start":{"line":74,"column":22},"end":{"line":82,"column":4}},"36":{"start":{"line":85,"column":2},"end":{"line":85,"column":34}},"37":{"start":{"line":88,"column":2},"end":{"line":88,"column":31}},"38":{"start":{"line":89,"column":2},"end":{"line":89,"column":20}},"39":{"start":{"line":92,"column":20},"end":{"line":95,"column":39}},"40":{"start":{"line":98,"column":2},"end":{"line":100,"column":4}},"41":{"start":{"line":99,"column":4},"end":{"line":99,"column":62}},"42":{"start":{"line":102,"column":2},"end":{"line":102,"column":86}},"43":{"start":{"line":104,"column":2},"end":{"line":107,"column":5}},"44":{"start":{"line":114,"column":0},"end":{"line":193,"column":3}},"45":{"start":{"line":115,"column":46},"end":{"line":115,"column":54}},"46":{"start":{"line":118,"column":22},"end":{"line":120,"column":48}},"47":{"start":{"line":122,"column":2},"end":{"line":124,"column":3}},"48":{"start":{"line":123,"column":4},"end":{"line":123,"column":63}},"49":{"start":{"line":125,"column":2},"end":{"line":127,"column":3}},"50":{"start":{"line":126,"column":4},"end":{"line":126,"column":78}},"51":{"start":{"line":129,"column":21},"end":{"line":129,"column":31}},"52":{"start":{"line":132,"column":49},"end":{"line":132,"column":95}},"53":{"start":{"line":135,"column":2},"end":{"line":135,"column":34}},"54":{"start":{"line":136,"column":2},"end":{"line":136,"column":38}},"55":{"start":{"line":137,"column":2},"end":{"line":137,"column":40}},"56":{"start":{"line":138,"column":2},"end":{"line":138,"column":49}},"57":{"start":{"line":139,"column":2},"end":{"line":139,"column":60}},"58":{"start":{"line":139,"column":17},"end":{"line":139,"column":60}},"59":{"start":{"line":140,"column":2},"end":{"line":140,"column":27}},"60":{"start":{"line":143,"column":2},"end":{"line":143,"column":46}},"61":{"start":{"line":146,"column":15},"end":{"line":146,"column":66}},"62":{"start":{"line":147,"column":2},"end":{"line":150,"column":3}},"63":{"start":{"line":148,"column":4},"end":{"line":148,"column":33}},"64":{"start":{"line":149,"column":4},"end":{"line":149,"column":22}},"65":{"start":{"line":153,"column":13},"end":{"line":153,"column":17}},"66":{"start":{"line":154,"column":2},"end":{"line":169,"column":3}},"67":{"start":{"line":155,"column":4},"end":{"line":164,"column":7}},"68":{"start":{"line":166,"column":4},"end":{"line":168,"column":6}},"69":{"start":{"line":172,"column":2},"end":{"line":174,"column":81}},"70":{"start":{"line":174,"column":20},"end":{"line":174,"column":79}},"71":{"start":{"line":176,"column":2},"end":{"line":176,"column":92}},"72":{"start":{"line":178,"column":2},"end":{"line":192,"column":5}},"73":{"start":{"line":199,"column":0},"end":{"line":234,"column":3}},"74":{"start":{"line":200,"column":32},"end":{"line":200,"column":56}},"75":{"start":{"line":201,"column":40},"end":{"line":201,"column":49}},"76":{"start":{"line":203,"column":17},"end":{"line":203,"column":19}},"77":{"start":{"line":206,"column":2},"end":{"line":211,"column":3}},"78":{"start":{"line":207,"column":4},"end":{"line":207,"column":34}},"79":{"start":{"line":209,"column":4},"end":{"line":209,"column":46}},"80":{"start":{"line":209,"column":19},"end":{"line":209,"column":46}},"81":{"start":{"line":210,"column":4},"end":{"line":210,"column":37}},"82":{"start":{"line":210,"column":16},"end":{"line":210,"column":37}},"83":{"start":{"line":212,"column":2},"end":{"line":212,"column":37}},"84":{"start":{"line":212,"column":14},"end":{"line":212,"column":37}},"85":{"start":{"line":214,"column":27},"end":{"line":225,"column":4}},"86":{"start":{"line":228,"column":19},"end":{"line":231,"column":5}},"87":{"start":{"line":228,"column":39},"end":{"line":231,"column":3}},"88":{"start":{"line":233,"column":2},"end":{"line":233,"column":76}},"89":{"start":{"line":240,"column":0},"end":{"line":266,"column":3}},"90":{"start":{"line":241,"column":32},"end":{"line":241,"column":56}},"91":{"start":{"line":243,"column":17},"end":{"line":246,"column":3}},"92":{"start":{"line":248,"column":27},"end":{"line":257,"column":4}},"93":{"start":{"line":260,"column":19},"end":{"line":263,"column":4}},"94":{"start":{"line":261,"column":40},"end":{"line":261,"column":64}},"95":{"start":{"line":262,"column":4},"end":{"line":262,"column":60}},"96":{"start":{"line":265,"column":2},"end":{"line":265,"column":76}},"97":{"start":{"line":271,"column":0},"end":{"line":290,"column":3}},"98":{"start":{"line":272,"column":17},"end":{"line":277,"column":41}},"99":{"start":{"line":279,"column":2},"end":{"line":279,"column":74}},"100":{"start":{"line":279,"column":15},"end":{"line":279,"column":74}},"101":{"start":{"line":282,"column":2},"end":{"line":287,"column":3}},"102":{"start":{"line":286,"column":4},"end":{"line":286,"column":38}},"103":{"start":{"line":289,"column":2},"end":{"line":289,"column":52}},"104":{"start":{"line":296,"column":0},"end":{"line":331,"column":3}},"105":{"start":{"line":297,"column":17},"end":{"line":297,"column":84}},"106":{"start":{"line":298,"column":2},"end":{"line":298,"column":74}},"107":{"start":{"line":298,"column":15},"end":{"line":298,"column":74}},"108":{"start":{"line":300,"column":2},"end":{"line":302,"column":3}},"109":{"start":{"line":301,"column":4},"end":{"line":301,"column":83}},"110":{"start":{"line":303,"column":2},"end":{"line":305,"column":3}},"111":{"start":{"line":304,"column":4},"end":{"line":304,"column":85}},"112":{"start":{"line":306,"column":2},"end":{"line":308,"column":3}},"113":{"start":{"line":307,"column":4},"end":{"line":307,"column":103}},"114":{"start":{"line":310,"column":26},"end":{"line":310,"column":40}},"115":{"start":{"line":312,"column":19},"end":{"line":312,"column":76}},"116":{"start":{"line":313,"column":21},"end":{"line":313,"column":47}},"117":{"start":{"line":315,"column":2},"end":{"line":320,"column":5}},"118":{"start":{"line":321,"column":2},"end":{"line":321,"column":23}},"119":{"start":{"line":322,"column":2},"end":{"line":322,"column":30}},"120":{"start":{"line":323,"column":2},"end":{"line":323,"column":22}},"121":{"start":{"line":325,"column":2},"end":{"line":325,"column":75}},"122":{"start":{"line":327,"column":2},"end":{"line":330,"column":5}}},"fnMap":{"0":{"name":"(anonymous_0)","decl":{"start":{"line":15,"column":33},"end":{"line":15,"column":34}},"loc":{"start":{"line":15,"column":53},"end":{"line":108,"column":1}},"line":15},"1":{"name":"(anonymous_1)","decl":{"start":{"line":98,"column":64},"end":{"line":98,"column":65}},"loc":{"start":{"line":99,"column":4},"end":{"line":99,"column":62}},"line":99},"2":{"name":"(anonymous_2)","decl":{"start":{"line":114,"column":34},"end":{"line":114,"column":35}},"loc":{"start":{"line":114,"column":54},"end":{"line":193,"column":1}},"line":114},"3":{"name":"(anonymous_3)","decl":{"start":{"line":174,"column":11},"end":{"line":174,"column":12}},"loc":{"start":{"line":174,"column":20},"end":{"line":174,"column":79}},"line":174},"4":{"name":"(anonymous_4)","decl":{"start":{"line":199,"column":33},"end":{"line":199,"column":34}},"loc":{"start":{"line":199,"column":53},"end":{"line":234,"column":1}},"line":199},"5":{"name":"(anonymous_5)","decl":{"start":{"line":228,"column":31},"end":{"line":228,"column":32}},"loc":{"start":{"line":228,"column":39},"end":{"line":231,"column":3}},"line":228},"6":{"name":"(anonymous_6)","decl":{"start":{"line":240,"column":40},"end":{"line":240,"column":41}},"loc":{"start":{"line":240,"column":60},"end":{"line":266,"column":1}},"line":240},"7":{"name":"(anonymous_7)","decl":{"start":{"line":260,"column":31},"end":{"line":260,"column":32}},"loc":{"start":{"line":260,"column":38},"end":{"line":263,"column":3}},"line":260},"8":{"name":"(anonymous_8)","decl":{"start":{"line":271,"column":36},"end":{"line":271,"column":37}},"loc":{"start":{"line":271,"column":56},"end":{"line":290,"column":1}},"line":271},"9":{"name":"(anonymous_9)","decl":{"start":{"line":296,"column":33},"end":{"line":296,"column":34}},"loc":{"start":{"line":296,"column":53},"end":{"line":331,"column":1}},"line":296}},"branchMap":{"0":{"loc":{"start":{"line":20,"column":2},"end":{"line":22,"column":3}},"type":"if","locations":[{"start":{"line":20,"column":2},"end":{"line":22,"column":3}},{"start":{},"end":{}}],"line":20},"1":{"loc":{"start":{"line":20,"column":6},"end":{"line":20,"column":44}},"type":"binary-expr","locations":[{"start":{"line":20,"column":6},"end":{"line":20,"column":14}},{"start":{"line":20,"column":18},"end":{"line":20,"column":44}}],"line":20},"2":{"loc":{"start":{"line":26,"column":2},"end":{"line":28,"column":3}},"type":"if","locations":[{"start":{"line":26,"column":2},"end":{"line":28,"column":3}},{"start":{},"end":{}}],"line":26},"3":{"loc":{"start":{"line":29,"column":2},"end":{"line":31,"column":3}},"type":"if","locations":[{"start":{"line":29,"column":2},"end":{"line":31,"column":3}},{"start":{},"end":{}}],"line":29},"4":{"loc":{"start":{"line":32,"column":2},"end":{"line":34,"column":3}},"type":"if","locations":[{"start":{"line":32,"column":2},"end":{"line":34,"column":3}},{"start":{},"end":{}}],"line":32},"5":{"loc":{"start":{"line":35,"column":2},"end":{"line":40,"column":3}},"type":"if","locations":[{"start":{"line":35,"column":2},"end":{"line":40,"column":3}},{"start":{},"end":{}}],"line":35},"6":{"loc":{"start":{"line":44,"column":2},"end":{"line":49,"column":3}},"type":"if","locations":[{"start":{"line":44,"column":2},"end":{"line":49,"column":3}},{"start":{},"end":{}}],"line":44},"7":{"loc":{"start":{"line":53,"column":2},"end":{"line":55,"column":3}},"type":"if","locations":[{"start":{"line":53,"column":2},"end":{"line":55,"column":3}},{"start":{},"end":{}}],"line":53},"8":{"loc":{"start":{"line":53,"column":6},"end":{"line":53,"column":29}},"type":"binary-expr","locations":[{"start":{"line":53,"column":6},"end":{"line":53,"column":11}},{"start":{"line":53,"column":15},"end":{"line":53,"column":29}}],"line":53},"9":{"loc":{"start":{"line":56,"column":2},"end":{"line":58,"column":3}},"type":"if","locations":[{"start":{"line":56,"column":2},"end":{"line":58,"column":3}},{"start":{},"end":{}}],"line":56},"10":{"loc":{"start":{"line":66,"column":2},"end":{"line":68,"column":3}},"type":"if","locations":[{"start":{"line":66,"column":2},"end":{"line":68,"column":3}},{"start":{},"end":{}}],"line":66},"11":{"loc":{"start":{"line":80,"column":26},"end":{"line":80,"column":54}},"type":"binary-expr","locations":[{"start":{"line":80,"column":26},"end":{"line":80,"column":44}},{"start":{"line":80,"column":48},"end":{"line":80,"column":54}}],"line":80},"12":{"loc":{"start":{"line":122,"column":2},"end":{"line":124,"column":3}},"type":"if","locations":[{"start":{"line":122,"column":2},"end":{"line":124,"column":3}},{"start":{},"end":{}}],"line":122},"13":{"loc":{"start":{"line":125,"column":2},"end":{"line":127,"column":3}},"type":"if","locations":[{"start":{"line":125,"column":2},"end":{"line":127,"column":3}},{"start":{},"end":{}}],"line":125},"14":{"loc":{"start":{"line":138,"column":22},"end":{"line":138,"column":48}},"type":"binary-expr","locations":[{"start":{"line":138,"column":22},"end":{"line":138,"column":27}},{"start":{"line":138,"column":31},"end":{"line":138,"column":48}}],"line":138},"15":{"loc":{"start":{"line":139,"column":2},"end":{"line":139,"column":60}},"type":"if","locations":[{"start":{"line":139,"column":2},"end":{"line":139,"column":60}},{"start":{},"end":{}}],"line":139},"16":{"loc":{"start":{"line":147,"column":2},"end":{"line":150,"column":3}},"type":"if","locations":[{"start":{"line":147,"column":2},"end":{"line":150,"column":3}},{"start":{},"end":{}}],"line":147},"17":{"loc":{"start":{"line":147,"column":6},"end":{"line":147,"column":41}},"type":"binary-expr","locations":[{"start":{"line":147,"column":6},"end":{"line":147,"column":10}},{"start":{"line":147,"column":14},"end":{"line":147,"column":41}}],"line":147},"18":{"loc":{"start":{"line":154,"column":2},"end":{"line":169,"column":3}},"type":"if","locations":[{"start":{"line":154,"column":2},"end":{"line":169,"column":3}},{"start":{},"end":{}}],"line":154},"19":{"loc":{"start":{"line":154,"column":6},"end":{"line":154,"column":33}},"type":"binary-expr","locations":[{"start":{"line":154,"column":6},"end":{"line":154,"column":15}},{"start":{"line":154,"column":19},"end":{"line":154,"column":33}}],"line":154},"20":{"loc":{"start":{"line":161,"column":18},"end":{"line":161,"column":59}},"type":"binary-expr","locations":[{"start":{"line":161,"column":18},"end":{"line":161,"column":54}},{"start":{"line":161,"column":58},"end":{"line":161,"column":59}}],"line":161},"21":{"loc":{"start":{"line":182,"column":12},"end":{"line":189,"column":14}},"type":"cond-expr","locations":[{"start":{"line":183,"column":10},"end":{"line":188,"column":11}},{"start":{"line":189,"column":10},"end":{"line":189,"column":14}}],"line":182},"22":{"loc":{"start":{"line":206,"column":2},"end":{"line":211,"column":3}},"type":"if","locations":[{"start":{"line":206,"column":2},"end":{"line":211,"column":3}},{"start":{"line":208,"column":9},"end":{"line":211,"column":3}}],"line":206},"23":{"loc":{"start":{"line":209,"column":4},"end":{"line":209,"column":46}},"type":"if","locations":[{"start":{"line":209,"column":4},"end":{"line":209,"column":46}},{"start":{},"end":{}}],"line":209},"24":{"loc":{"start":{"line":210,"column":4},"end":{"line":210,"column":37}},"type":"if","locations":[{"start":{"line":210,"column":4},"end":{"line":210,"column":37}},{"start":{},"end":{}}],"line":210},"25":{"loc":{"start":{"line":212,"column":2},"end":{"line":212,"column":37}},"type":"if","locations":[{"start":{"line":212,"column":2},"end":{"line":212,"column":37}},{"start":{},"end":{}}],"line":212},"26":{"loc":{"start":{"line":230,"column":15},"end":{"line":230,"column":62}},"type":"binary-expr","locations":[{"start":{"line":230,"column":15},"end":{"line":230,"column":36}},{"start":{"line":230,"column":40},"end":{"line":230,"column":62}}],"line":230},"27":{"loc":{"start":{"line":279,"column":2},"end":{"line":279,"column":74}},"type":"if","locations":[{"start":{"line":279,"column":2},"end":{"line":279,"column":74}},{"start":{},"end":{}}],"line":279},"28":{"loc":{"start":{"line":282,"column":2},"end":{"line":287,"column":3}},"type":"if","locations":[{"start":{"line":282,"column":2},"end":{"line":287,"column":3}},{"start":{},"end":{}}],"line":282},"29":{"loc":{"start":{"line":283,"column":4},"end":{"line":284,"column":61}},"type":"binary-expr","locations":[{"start":{"line":283,"column":4},"end":{"line":283,"column":31}},{"start":{"line":284,"column":4},"end":{"line":284,"column":61}}],"line":283},"30":{"loc":{"start":{"line":298,"column":2},"end":{"line":298,"column":74}},"type":"if","locations":[{"start":{"line":298,"column":2},"end":{"line":298,"column":74}},{"start":{},"end":{}}],"line":298},"31":{"loc":{"start":{"line":300,"column":2},"end":{"line":302,"column":3}},"type":"if","locations":[{"start":{"line":300,"column":2},"end":{"line":302,"column":3}},{"start":{},"end":{}}],"line":300},"32":{"loc":{"start":{"line":303,"column":2},"end":{"line":305,"column":3}},"type":"if","locations":[{"start":{"line":303,"column":2},"end":{"line":305,"column":3}},{"start":{},"end":{}}],"line":303},"33":{"loc":{"start":{"line":306,"column":2},"end":{"line":308,"column":3}},"type":"if","locations":[{"start":{"line":306,"column":2},"end":{"line":308,"column":3}},{"start":{},"end":{}}],"line":306},"34":{"loc":{"start":{"line":312,"column":19},"end":{"line":312,"column":76}},"type":"cond-expr","locations":[{"start":{"line":312,"column":49},"end":{"line":312,"column":63}},{"start":{"line":312,"column":66},"end":{"line":312,"column":76}}],"line":312}},"s":{"0":1,"1":1,"2":1,"3":1,"4":1,"5":1,"6":1,"7":1,"8":1,"9":1,"10":0,"11":0,"12":0,"13":0,"14":0,"15":0,"16":0,"17":0,"18":0,"19":0,"20":0,"21":0,"22":0,"23":0,"24":0,"25":0,"26":0,"27":0,"28":0,"29":0,"30":0,"31":0,"32":0,"33":0,"34":0,"35":0,"36":0,"37":0,"38":0,"39":0,"40":0,"41":0,"42":0,"43":0,"44":1,"45":0,"46":0,"47":0,"48":0,"49":0,"50":0,"51":0,"52":0,"53":0,"54":0,"55":0,"56":0,"57":0,"58":0,"59":0,"60":0,"61":0,"62":0,"63":0,"64":0,"65":0,"66":0,"67":0,"68":0,"69":0,"70":0,"71":0,"72":0,"73":1,"74":0,"75":0,"76":0,"77":0,"78":0,"79":0,"80":0,"81":0,"82":0,"83":0,"84":0,"85":0,"86":0,"87":0,"88":0,"89":1,"90":0,"91":0,"92":0,"93":0,"94":0,"95":0,"96":0,"97":1,"98":0,"99":0,"100":0,"101":0,"102":0,"103":0,"104":1,"105":0,"106":0,"107":0,"108":0,"109":0,"110":0,"111":0,"112":0,"113":0,"114":0,"115":0,"116":0,"117":0,"118":0,"119":0,"120":0,"121":0,"122":0},"f":{"0":0,"1":0,"2":0,"3":0,"4":0,"5":0,"6":0,"7":0,"8":0,"9":0},"b":{"0":[0,0],"1":[0,0],"2":[0,0],"3":[0,0],"4":[0,0],"5":[0,0],"6":[0,0],"7":[0,0],"8":[0,0],"9":[0,0],"10":[0,0],"11":[0,0],"12":[0,0],"13":[0,0],"14":[0,0],"15":[0,0],"16":[0,0],"17":[0,0],"18":[0,0],"19":[0,0],"20":[0,0],"21":[0,0],"22":[0,0],"23":[0,0],"24":[0,0],"25":[0,0],"26":[0,0],"27":[0,0],"28":[0,0],"29":[0,0],"30":[0,0],"31":[0,0],"32":[0,0],"33":[0,0],"34":[0,0]},"_coverageSchema":"1a1c01bbd47fc00a2c39e90264f33305004495a9","hash":"bea38e99e82385f1b97558f6b0bcedada758c61c"}
,"D:\\digital-library-card-management\\digital-library\\backend\\server.js": {"path":"D:\\digital-library-card-management\\digital-library\\backend\\server.js","statementMap":{"0":{"start":{"line":9,"column":0},"end":{"line":9,"column":27}},"1":{"start":{"line":10,"column":16},"end":{"line":10,"column":34}},"2":{"start":{"line":11,"column":13},"end":{"line":11,"column":28}},"3":{"start":{"line":12,"column":15},"end":{"line":12,"column":32}},"4":{"start":{"line":13,"column":15},"end":{"line":13,"column":32}},"5":{"start":{"line":14,"column":20},"end":{"line":14,"column":42}},"6":{"start":{"line":15,"column":18},"end":{"line":15,"column":47}},"7":{"start":{"line":16,"column":22},"end":{"line":16,"column":55}},"8":{"start":{"line":18,"column":36},"end":{"line":18,"column":64}},"9":{"start":{"line":19,"column":15},"end":{"line":19,"column":40}},"10":{"start":{"line":20,"column":42},"end":{"line":20,"column":79}},"11":{"start":{"line":23,"column":19},"end":{"line":23,"column":43}},"12":{"start":{"line":24,"column":19},"end":{"line":24,"column":44}},"13":{"start":{"line":25,"column":26},"end":{"line":25,"column":58}},"14":{"start":{"line":26,"column":20},"end":{"line":26,"column":46}},"15":{"start":{"line":27,"column":19},"end":{"line":27,"column":44}},"16":{"start":{"line":28,"column":19},"end":{"line":28,"column":44}},"17":{"start":{"line":29,"column":20},"end":{"line":29,"column":45}},"18":{"start":{"line":32,"column":12},"end":{"line":32,"column":21}},"19":{"start":{"line":35,"column":0},"end":{"line":37,"column":4}},"20":{"start":{"line":40,"column":23},"end":{"line":44,"column":1}},"21":{"start":{"line":46,"column":0},"end":{"line":58,"column":4}},"22":{"start":{"line":49,"column":4},"end":{"line":53,"column":5}},"23":{"start":{"line":50,"column":6},"end":{"line":50,"column":27}},"24":{"start":{"line":52,"column":6},"end":{"line":52,"column":53}},"25":{"start":{"line":61,"column":16},"end":{"line":71,"column":2}},"26":{"start":{"line":70,"column":17},"end":{"line":70,"column":43}},"27":{"start":{"line":74,"column":20},"end":{"line":81,"column":2}},"28":{"start":{"line":83,"column":0},"end":{"line":83,"column":26}},"29":{"start":{"line":84,"column":0},"end":{"line":84,"column":40}},"30":{"start":{"line":85,"column":0},"end":{"line":85,"column":43}},"31":{"start":{"line":88,"column":0},"end":{"line":88,"column":23}},"32":{"start":{"line":89,"column":0},"end":{"line":89,"column":41}},"33":{"start":{"line":90,"column":0},"end":{"line":90,"column":63}},"34":{"start":{"line":91,"column":0},"end":{"line":91,"column":25}},"35":{"start":{"line":94,"column":0},"end":{"line":94,"column":55}},"36":{"start":{"line":97,"column":0},"end":{"line":105,"column":3}},"37":{"start":{"line":98,"column":2},"end":{"line":104,"column":5}},"38":{"start":{"line":108,"column":0},"end":{"line":108,"column":33}},"39":{"start":{"line":109,"column":0},"end":{"line":109,"column":34}},"40":{"start":{"line":110,"column":0},"end":{"line":110,"column":49}},"41":{"start":{"line":111,"column":0},"end":{"line":111,"column":36}},"42":{"start":{"line":112,"column":0},"end":{"line":112,"column":34}},"43":{"start":{"line":113,"column":0},"end":{"line":113,"column":34}},"44":{"start":{"line":114,"column":0},"end":{"line":114,"column":35}},"45":{"start":{"line":117,"column":0},"end":{"line":117,"column":25}},"46":{"start":{"line":118,"column":0},"end":{"line":118,"column":22}},"47":{"start":{"line":121,"column":13},"end":{"line":121,"column":37}},"48":{"start":{"line":123,"column":20},"end":{"line":169,"column":1}},"49":{"start":{"line":124,"column":2},"end":{"line":124,"column":20}},"50":{"start":{"line":126,"column":17},"end":{"line":138,"column":4}},"51":{"start":{"line":127,"column":4},"end":{"line":137,"column":7}},"52":{"start":{"line":141,"column":27},"end":{"line":154,"column":3}},"53":{"start":{"line":142,"column":4},"end":{"line":142,"column":69}},"54":{"start":{"line":143,"column":4},"end":{"line":147,"column":7}},"55":{"start":{"line":144,"column":6},"end":{"line":144,"column":27}},"56":{"start":{"line":145,"column":6},"end":{"line":145,"column":48}},"57":{"start":{"line":146,"column":6},"end":{"line":146,"column":22}},"58":{"start":{"line":150,"column":4},"end":{"line":153,"column":14}},"59":{"start":{"line":151,"column":6},"end":{"line":151,"column":52}},"60":{"start":{"line":152,"column":6},"end":{"line":152,"column":22}},"61":{"start":{"line":156,"column":2},"end":{"line":156,"column":59}},"62":{"start":{"line":156,"column":30},"end":{"line":156,"column":57}},"63":{"start":{"line":157,"column":2},"end":{"line":157,"column":57}},"64":{"start":{"line":157,"column":29},"end":{"line":157,"column":55}},"65":{"start":{"line":159,"column":2},"end":{"line":161,"column":5}},"66":{"start":{"line":160,"column":4},"end":{"line":160,"column":59}},"67":{"start":{"line":163,"column":2},"end":{"line":166,"column":5}},"68":{"start":{"line":164,"column":4},"end":{"line":164,"column":57}},"69":{"start":{"line":165,"column":4},"end":{"line":165,"column":43}},"70":{"start":{"line":168,"column":2},"end":{"line":168,"column":16}},"71":{"start":{"line":171,"column":0},"end":{"line":173,"column":1}},"72":{"start":{"line":172,"column":2},"end":{"line":172,"column":16}},"73":{"start":{"line":175,"column":0},"end":{"line":175,"column":38}}},"fnMap":{"0":{"name":"(anonymous_0)","decl":{"start":{"line":47,"column":10},"end":{"line":47,"column":11}},"loc":{"start":{"line":47,"column":32},"end":{"line":54,"column":3}},"line":47},"1":{"name":"(anonymous_1)","decl":{"start":{"line":70,"column":8},"end":{"line":70,"column":9}},"loc":{"start":{"line":70,"column":17},"end":{"line":70,"column":43}},"line":70},"2":{"name":"(anonymous_2)","decl":{"start":{"line":97,"column":23},"end":{"line":97,"column":24}},"loc":{"start":{"line":97,"column":38},"end":{"line":105,"column":1}},"line":97},"3":{"name":"(anonymous_3)","decl":{"start":{"line":123,"column":20},"end":{"line":123,"column":21}},"loc":{"start":{"line":123,"column":32},"end":{"line":169,"column":1}},"line":123},"4":{"name":"(anonymous_4)","decl":{"start":{"line":126,"column":34},"end":{"line":126,"column":35}},"loc":{"start":{"line":126,"column":40},"end":{"line":138,"column":3}},"line":126},"5":{"name":"(anonymous_5)","decl":{"start":{"line":141,"column":27},"end":{"line":141,"column":28}},"loc":{"start":{"line":141,"column":45},"end":{"line":154,"column":3}},"line":141},"6":{"name":"(anonymous_6)","decl":{"start":{"line":143,"column":17},"end":{"line":143,"column":18}},"loc":{"start":{"line":143,"column":29},"end":{"line":147,"column":5}},"line":143},"7":{"name":"(anonymous_7)","decl":{"start":{"line":150,"column":15},"end":{"line":150,"column":16}},"loc":{"start":{"line":150,"column":21},"end":{"line":153,"column":5}},"line":150},"8":{"name":"(anonymous_8)","decl":{"start":{"line":156,"column":24},"end":{"line":156,"column":25}},"loc":{"start":{"line":156,"column":30},"end":{"line":156,"column":57}},"line":156},"9":{"name":"(anonymous_9)","decl":{"start":{"line":157,"column":23},"end":{"line":157,"column":24}},"loc":{"start":{"line":157,"column":29},"end":{"line":157,"column":55}},"line":157},"10":{"name":"(anonymous_10)","decl":{"start":{"line":159,"column":35},"end":{"line":159,"column":36}},"loc":{"start":{"line":159,"column":47},"end":{"line":161,"column":3}},"line":159},"11":{"name":"(anonymous_11)","decl":{"start":{"line":163,"column":34},"end":{"line":163,"column":35}},"loc":{"start":{"line":163,"column":45},"end":{"line":166,"column":3}},"line":163}},"branchMap":{"0":{"loc":{"start":{"line":41,"column":2},"end":{"line":41,"column":53}},"type":"binary-expr","locations":[{"start":{"line":41,"column":2},"end":{"line":41,"column":26}},{"start":{"line":41,"column":30},"end":{"line":41,"column":53}}],"line":41},"1":{"loc":{"start":{"line":49,"column":4},"end":{"line":53,"column":5}},"type":"if","locations":[{"start":{"line":49,"column":4},"end":{"line":53,"column":5}},{"start":{"line":51,"column":11},"end":{"line":53,"column":5}}],"line":49},"2":{"loc":{"start":{"line":49,"column":8},"end":{"line":49,"column":50}},"type":"binary-expr","locations":[{"start":{"line":49,"column":8},"end":{"line":49,"column":15}},{"start":{"line":49,"column":19},"end":{"line":49,"column":50}}],"line":49},"3":{"loc":{"start":{"line":62,"column":12},"end":{"line":62,"column":72}},"type":"binary-expr","locations":[{"start":{"line":62,"column":12},"end":{"line":62,"column":54}},{"start":{"line":62,"column":58},"end":{"line":62,"column":72}}],"line":62},"4":{"loc":{"start":{"line":63,"column":7},"end":{"line":63,"column":59}},"type":"binary-expr","locations":[{"start":{"line":63,"column":7},"end":{"line":63,"column":52}},{"start":{"line":63,"column":56},"end":{"line":63,"column":59}}],"line":63},"5":{"loc":{"start":{"line":121,"column":13},"end":{"line":121,"column":37}},"type":"binary-expr","locations":[{"start":{"line":121,"column":13},"end":{"line":121,"column":29}},{"start":{"line":121,"column":33},"end":{"line":121,"column":37}}],"line":121},"6":{"loc":{"start":{"line":132,"column":20},"end":{"line":132,"column":57}},"type":"binary-expr","locations":[{"start":{"line":132,"column":20},"end":{"line":132,"column":40}},{"start":{"line":132,"column":44},"end":{"line":132,"column":57}}],"line":132},"7":{"loc":{"start":{"line":171,"column":0},"end":{"line":173,"column":1}},"type":"if","locations":[{"start":{"line":171,"column":0},"end":{"line":173,"column":1}},{"start":{},"end":{}}],"line":171}},"s":{"0":1,"1":1,"2":1,"3":1,"4":1,"5":1,"6":1,"7":1,"8":1,"9":1,"10":1,"11":1,"12":1,"13":1,"14":1,"15":1,"16":1,"17":1,"18":1,"19":1,"20":1,"21":1,"22":1,"23":1,"24":0,"25":1,"26":1,"27":1,"28":1,"29":1,"30":1,"31":1,"32":1,"33":1,"34":1,"35":1,"36":1,"37":1,"38":1,"39":1,"40":1,"41":1,"42":1,"43":1,"44":1,"45":1,"46":1,"47":1,"48":1,"49":0,"50":0,"51":0,"52":0,"53":0,"54":0,"55":0,"56":0,"57":0,"58":0,"59":0,"60":0,"61":0,"62":0,"63":0,"64":0,"65":0,"66":0,"67":0,"68":0,"69":0,"70":0,"71":1,"72":0,"73":1},"f":{"0":1,"1":1,"2":1,"3":0,"4":0,"5":0,"6":0,"7":0,"8":0,"9":0,"10":0,"11":0},"b":{"0":[1,0],"1":[1,0],"2":[1,0],"3":[1,0],"4":[1,0],"5":[1,0],"6":[0,0],"7":[0,1]},"_coverageSchema":"1a1c01bbd47fc00a2c39e90264f33305004495a9","hash":"d5c71885c5f77746aee647ffbdc00dd00a2d544e"}
,"D:\\digital-library-card-management\\digital-library\\backend\\config\\database.js": {"path":"D:\\digital-library-card-management\\digital-library\\backend\\config\\database.js","statementMap":{"0":{"start":{"line":1,"column":17},"end":{"line":1,"column":36}},"1":{"start":{"line":3,"column":18},"end":{"line":12,"column":1}},"2":{"start":{"line":4,"column":2},"end":{"line":11,"column":3}},"3":{"start":{"line":5,"column":17},"end":{"line":5,"column":64}},"4":{"start":{"line":7,"column":4},"end":{"line":7,"column":62}},"5":{"start":{"line":9,"column":4},"end":{"line":9,"column":55}},"6":{"start":{"line":10,"column":4},"end":{"line":10,"column":20}},"7":{"start":{"line":14,"column":21},"end":{"line":21,"column":1}},"8":{"start":{"line":15,"column":2},"end":{"line":20,"column":3}},"9":{"start":{"line":16,"column":4},"end":{"line":16,"column":38}},"10":{"start":{"line":17,"column":4},"end":{"line":17,"column":40}},"11":{"start":{"line":19,"column":4},"end":{"line":19,"column":52}},"12":{"start":{"line":23,"column":0},"end":{"line":23,"column":45}}},"fnMap":{"0":{"name":"(anonymous_0)","decl":{"start":{"line":3,"column":18},"end":{"line":3,"column":19}},"loc":{"start":{"line":3,"column":30},"end":{"line":12,"column":1}},"line":3},"1":{"name":"(anonymous_1)","decl":{"start":{"line":14,"column":21},"end":{"line":14,"column":22}},"loc":{"start":{"line":14,"column":33},"end":{"line":21,"column":1}},"line":14}},"branchMap":{},"s":{"0":1,"1":1,"2":0,"3":0,"4":0,"5":0,"6":0,"7":1,"8":0,"9":0,"10":0,"11":0,"12":1},"f":{"0":0,"1":0},"b":{},"_coverageSchema":"1a1c01bbd47fc00a2c39e90264f33305004495a9","hash":"a95e383b114d60023cd9e0f0fc1aafbbf7d8f857"}
,"D:\\digital-library-card-management\\digital-library\\backend\\middlewares\\auth.js": {"path":"D:\\digital-library-card-management\\digital-library\\backend\\middlewares\\auth.js","statementMap":{"0":{"start":{"line":1,"column":12},"end":{"line":1,"column":35}},"1":{"start":{"line":2,"column":13},"end":{"line":2,"column":38}},"2":{"start":{"line":3,"column":24},"end":{"line":3,"column":55}},"3":{"start":{"line":6,"column":16},"end":{"line":26,"column":1}},"4":{"start":{"line":7,"column":2},"end":{"line":25,"column":3}},"5":{"start":{"line":8,"column":23},"end":{"line":8,"column":48}},"6":{"start":{"line":9,"column":4},"end":{"line":11,"column":5}},"7":{"start":{"line":10,"column":6},"end":{"line":10,"column":80}},"8":{"start":{"line":13,"column":18},"end":{"line":13,"column":42}},"9":{"start":{"line":14,"column":20},"end":{"line":14,"column":61}},"10":{"start":{"line":16,"column":17},"end":{"line":16,"column":68}},"11":{"start":{"line":17,"column":4},"end":{"line":19,"column":5}},"12":{"start":{"line":18,"column":6},"end":{"line":18,"column":77}},"13":{"start":{"line":21,"column":4},"end":{"line":21,"column":20}},"14":{"start":{"line":22,"column":4},"end":{"line":22,"column":11}},"15":{"start":{"line":24,"column":4},"end":{"line":24,"column":14}},"16":{"start":{"line":29,"column":18},"end":{"line":34,"column":1}},"17":{"start":{"line":29,"column":32},"end":{"line":34,"column":1}},"18":{"start":{"line":30,"column":2},"end":{"line":32,"column":3}},"19":{"start":{"line":31,"column":4},"end":{"line":31,"column":102}},"20":{"start":{"line":33,"column":2},"end":{"line":33,"column":9}},"21":{"start":{"line":36,"column":0},"end":{"line":36,"column":40}}},"fnMap":{"0":{"name":"(anonymous_0)","decl":{"start":{"line":6,"column":16},"end":{"line":6,"column":17}},"loc":{"start":{"line":6,"column":42},"end":{"line":26,"column":1}},"line":6},"1":{"name":"(anonymous_1)","decl":{"start":{"line":29,"column":18},"end":{"line":29,"column":19}},"loc":{"start":{"line":29,"column":32},"end":{"line":34,"column":1}},"line":29},"2":{"name":"(anonymous_2)","decl":{"start":{"line":29,"column":32},"end":{"line":29,"column":33}},"loc":{"start":{"line":29,"column":52},"end":{"line":34,"column":1}},"line":29}},"branchMap":{"0":{"loc":{"start":{"line":9,"column":4},"end":{"line":11,"column":5}},"type":"if","locations":[{"start":{"line":9,"column":4},"end":{"line":11,"column":5}},{"start":{},"end":{}}],"line":9},"1":{"loc":{"start":{"line":9,"column":8},"end":{"line":9,"column":56}},"type":"binary-expr","locations":[{"start":{"line":9,"column":8},"end":{"line":9,"column":19}},{"start":{"line":9,"column":23},"end":{"line":9,"column":56}}],"line":9},"2":{"loc":{"start":{"line":17,"column":4},"end":{"line":19,"column":5}},"type":"if","locations":[{"start":{"line":17,"column":4},"end":{"line":19,"column":5}},{"start":{},"end":{}}],"line":17},"3":{"loc":{"start":{"line":17,"column":8},"end":{"line":17,"column":31}},"type":"binary-expr","locations":[{"start":{"line":17,"column":8},"end":{"line":17,"column":13}},{"start":{"line":17,"column":17},"end":{"line":17,"column":31}}],"line":17},"4":{"loc":{"start":{"line":30,"column":2},"end":{"line":32,"column":3}},"type":"if","locations":[{"start":{"line":30,"column":2},"end":{"line":32,"column":3}},{"start":{},"end":{}}],"line":30}},"s":{"0":1,"1":1,"2":1,"3":1,"4":0,"5":0,"6":0,"7":0,"8":0,"9":0,"10":0,"11":0,"12":0,"13":0,"14":0,"15":0,"16":1,"17":29,"18":0,"19":0,"20":0,"21":1},"f":{"0":0,"1":29,"2":0},"b":{"0":[0,0],"1":[0,0],"2":[0,0],"3":[0,0],"4":[0,0]},"_coverageSchema":"1a1c01bbd47fc00a2c39e90264f33305004495a9","hash":"b7a056d4070897318399755dfe09afd402c72066"}
,"D:\\digital-library-card-management\\digital-library\\backend\\middlewares\\errorHandler.js": {"path":"D:\\digital-library-card-management\\digital-library\\backend\\middlewares\\errorHandler.js","statementMap":{"0":{"start":{"line":1,"column":15},"end":{"line":1,"column":41}},"1":{"start":{"line":3,"column":24},"end":{"line":8,"column":1}},"2":{"start":{"line":4,"column":2},"end":{"line":7,"column":5}},"3":{"start":{"line":10,"column":21},"end":{"line":52,"column":1}},"4":{"start":{"line":11,"column":19},"end":{"line":11,"column":40}},"5":{"start":{"line":12,"column":16},"end":{"line":12,"column":54}},"6":{"start":{"line":15,"column":2},"end":{"line":18,"column":3}},"7":{"start":{"line":16,"column":4},"end":{"line":16,"column":21}},"8":{"start":{"line":17,"column":4},"end":{"line":17,"column":50}},"9":{"start":{"line":21,"column":2},"end":{"line":25,"column":3}},"10":{"start":{"line":22,"column":4},"end":{"line":22,"column":21}},"11":{"start":{"line":23,"column":18},"end":{"line":23,"column":52}},"12":{"start":{"line":24,"column":4},"end":{"line":24,"column":52}},"13":{"start":{"line":28,"column":2},"end":{"line":33,"column":3}},"14":{"start":{"line":29,"column":4},"end":{"line":29,"column":21}},"15":{"start":{"line":30,"column":4},"end":{"line":32,"column":18}},"16":{"start":{"line":31,"column":18},"end":{"line":31,"column":27}},"17":{"start":{"line":36,"column":2},"end":{"line":39,"column":3}},"18":{"start":{"line":37,"column":4},"end":{"line":37,"column":21}},"19":{"start":{"line":38,"column":4},"end":{"line":38,"column":52}},"20":{"start":{"line":40,"column":2},"end":{"line":43,"column":3}},"21":{"start":{"line":41,"column":4},"end":{"line":41,"column":21}},"22":{"start":{"line":42,"column":4},"end":{"line":42,"column":52}},"23":{"start":{"line":45,"column":2},"end":{"line":45,"column":94}},"24":{"start":{"line":47,"column":2},"end":{"line":51,"column":5}},"25":{"start":{"line":54,"column":0},"end":{"line":54,"column":51}}},"fnMap":{"0":{"name":"(anonymous_0)","decl":{"start":{"line":3,"column":24},"end":{"line":3,"column":25}},"loc":{"start":{"line":3,"column":38},"end":{"line":8,"column":1}},"line":3},"1":{"name":"(anonymous_1)","decl":{"start":{"line":10,"column":21},"end":{"line":10,"column":22}},"loc":{"start":{"line":10,"column":47},"end":{"line":52,"column":1}},"line":10},"2":{"name":"(anonymous_2)","decl":{"start":{"line":31,"column":11},"end":{"line":31,"column":12}},"loc":{"start":{"line":31,"column":18},"end":{"line":31,"column":27}},"line":31}},"branchMap":{"0":{"loc":{"start":{"line":11,"column":19},"end":{"line":11,"column":40}},"type":"binary-expr","locations":[{"start":{"line":11,"column":19},"end":{"line":11,"column":33}},{"start":{"line":11,"column":37},"end":{"line":11,"column":40}}],"line":11},"1":{"loc":{"start":{"line":12,"column":16},"end":{"line":12,"column":54}},"type":"binary-expr","locations":[{"start":{"line":12,"column":16},"end":{"line":12,"column":27}},{"start":{"line":12,"column":31},"end":{"line":12,"column":54}}],"line":12},"2":{"loc":{"start":{"line":15,"column":2},"end":{"line":18,"column":3}},"type":"if","locations":[{"start":{"line":15,"column":2},"end":{"line":18,"column":3}},{"start":{},"end":{}}],"line":15},"3":{"loc":{"start":{"line":21,"column":2},"end":{"line":25,"column":3}},"type":"if","locations":[{"start":{"line":21,"column":2},"end":{"line":25,"column":3}},{"start":{},"end":{}}],"line":21},"4":{"loc":{"start":{"line":23,"column":30},"end":{"line":23,"column":48}},"type":"binary-expr","locations":[{"start":{"line":23,"column":30},"end":{"line":23,"column":42}},{"start":{"line":23,"column":46},"end":{"line":23,"column":48}}],"line":23},"5":{"loc":{"start":{"line":28,"column":2},"end":{"line":33,"column":3}},"type":"if","locations":[{"start":{"line":28,"column":2},"end":{"line":33,"column":3}},{"start":{},"end":{}}],"line":28},"6":{"loc":{"start":{"line":36,"column":2},"end":{"line":39,"column":3}},"type":"if","locations":[{"start":{"line":36,"column":2},"end":{"line":39,"column":3}},{"start":{},"end":{}}],"line":36},"7":{"loc":{"start":{"line":40,"column":2},"end":{"line":43,"column":3}},"type":"if","locations":[{"start":{"line":40,"column":2},"end":{"line":43,"column":3}},{"start":{},"end":{}}],"line":40},"8":{"loc":{"start":{"line":50,"column":8},"end":{"line":50,"column":70}},"type":"binary-expr","locations":[{"start":{"line":50,"column":8},"end":{"line":50,"column":46}},{"start":{"line":50,"column":50},"end":{"line":50,"column":70}}],"line":50}},"s":{"0":1,"1":1,"2":0,"3":1,"4":0,"5":0,"6":0,"7":0,"8":0,"9":0,"10":0,"11":0,"12":0,"13":0,"14":0,"15":0,"16":0,"17":0,"18":0,"19":0,"20":0,"21":0,"22":0,"23":0,"24":0,"25":1},"f":{"0":0,"1":0,"2":0},"b":{"0":[0,0],"1":[0,0],"2":[0,0],"3":[0,0],"4":[0,0],"5":[0,0],"6":[0,0],"7":[0,0],"8":[0,0]},"_coverageSchema":"1a1c01bbd47fc00a2c39e90264f33305004495a9","hash":"e8581f0db9c70279a34eaff415f957ea2a2fab8a"}
,"D:\\digital-library-card-management\\digital-library\\backend\\models\\Book.js": {"path":"D:\\digital-library-card-management\\digital-library\\backend\\models\\Book.js","statementMap":{"0":{"start":{"line":1,"column":17},"end":{"line":1,"column":36}},"1":{"start":{"line":3,"column":19},"end":{"line":19,"column":1}},"2":{"start":{"line":22,"column":0},"end":{"line":30,"column":2}},"3":{"start":{"line":23,"column":17},"end":{"line":27,"column":3}},"4":{"start":{"line":28,"column":2},"end":{"line":28,"column":78}},"5":{"start":{"line":28,"column":15},"end":{"line":28,"column":78}},"6":{"start":{"line":29,"column":2},"end":{"line":29,"column":16}},"7":{"start":{"line":32,"column":0},"end":{"line":38,"column":2}},"8":{"start":{"line":33,"column":2},"end":{"line":37,"column":4}},"9":{"start":{"line":40,"column":0},"end":{"line":40,"column":61}},"10":{"start":{"line":41,"column":0},"end":{"line":41,"column":44}},"11":{"start":{"line":43,"column":0},"end":{"line":43,"column":52}}},"fnMap":{"0":{"name":"(anonymous_0)","decl":{"start":{"line":22,"column":40},"end":{"line":22,"column":41}},"loc":{"start":{"line":22,"column":58},"end":{"line":30,"column":1}},"line":22},"1":{"name":"(anonymous_1)","decl":{"start":{"line":32,"column":40},"end":{"line":32,"column":41}},"loc":{"start":{"line":32,"column":58},"end":{"line":38,"column":1}},"line":32}},"branchMap":{"0":{"loc":{"start":{"line":28,"column":2},"end":{"line":28,"column":78}},"type":"if","locations":[{"start":{"line":28,"column":2},"end":{"line":28,"column":78}},{"start":{},"end":{}}],"line":28}},"s":{"0":1,"1":1,"2":1,"3":0,"4":0,"5":0,"6":0,"7":1,"8":0,"9":1,"10":1,"11":1},"f":{"0":0,"1":0},"b":{"0":[0,0]},"_coverageSchema":"1a1c01bbd47fc00a2c39e90264f33305004495a9","hash":"cab2be65b1512cf7401e586deb175d6b78e9db2a"}
,"D:\\digital-library-card-management\\digital-library\\backend\\models\\Fine.js": {"path":"D:\\digital-library-card-management\\digital-library\\backend\\models\\Fine.js","statementMap":{"0":{"start":{"line":1,"column":17},"end":{"line":1,"column":36}},"1":{"start":{"line":3,"column":19},"end":{"line":24,"column":1}},"2":{"start":{"line":26,"column":0},"end":{"line":26,"column":44}},"3":{"start":{"line":27,"column":0},"end":{"line":27,"column":32}},"4":{"start":{"line":29,"column":0},"end":{"line":29,"column":52}}},"fnMap":{},"branchMap":{},"s":{"0":1,"1":1,"2":1,"3":1,"4":1},"f":{},"b":{},"_coverageSchema":"1a1c01bbd47fc00a2c39e90264f33305004495a9","hash":"697a0242d6e490dc94104cbcba8b25fa30da51f8"}
,"D:\\digital-library-card-management\\digital-library\\backend\\models\\IssueRecord.js": {"path":"D:\\digital-library-card-management\\digital-library\\backend\\models\\IssueRecord.js","statementMap":{"0":{"start":{"line":1,"column":17},"end":{"line":1,"column":36}},"1":{"start":{"line":3,"column":26},"end":{"line":30,"column":1}},"2":{"start":{"line":32,"column":0},"end":{"line":34,"column":3}},"3":{"start":{"line":33,"column":2},"end":{"line":33,"column":63}},"4":{"start":{"line":37,"column":0},"end":{"line":37,"column":51}},"5":{"start":{"line":38,"column":0},"end":{"line":38,"column":48}},"6":{"start":{"line":39,"column":0},"end":{"line":39,"column":51}},"7":{"start":{"line":41,"column":0},"end":{"line":41,"column":66}}},"fnMap":{"0":{"name":"(anonymous_0)","decl":{"start":{"line":32,"column":43},"end":{"line":32,"column":44}},"loc":{"start":{"line":32,"column":55},"end":{"line":34,"column":1}},"line":32}},"branchMap":{"0":{"loc":{"start":{"line":33,"column":9},"end":{"line":33,"column":62}},"type":"binary-expr","locations":[{"start":{"line":33,"column":9},"end":{"line":33,"column":33}},{"start":{"line":33,"column":37},"end":{"line":33,"column":62}}],"line":33}},"s":{"0":1,"1":1,"2":1,"3":0,"4":1,"5":1,"6":1,"7":1},"f":{"0":0},"b":{"0":[0,0]},"_coverageSchema":"1a1c01bbd47fc00a2c39e90264f33305004495a9","hash":"6b502d090b9a7eed2e1a4b90c0bd11a3a6daf1d9"}
,"D:\\digital-library-card-management\\digital-library\\backend\\models\\LibraryCard.js": {"path":"D:\\digital-library-card-management\\digital-library\\backend\\models\\LibraryCard.js","statementMap":{"0":{"start":{"line":1,"column":17},"end":{"line":1,"column":36}},"1":{"start":{"line":2,"column":23},"end":{"line":2,"column":38}},"2":{"start":{"line":4,"column":26},"end":{"line":28,"column":1}},"3":{"start":{"line":9,"column":21},"end":{"line":9,"column":64}},"4":{"start":{"line":30,"column":0},"end":{"line":32,"column":3}},"5":{"start":{"line":31,"column":2},"end":{"line":31,"column":64}},"6":{"start":{"line":34,"column":0},"end":{"line":34,"column":39}},"7":{"start":{"line":36,"column":0},"end":{"line":36,"column":66}}},"fnMap":{"0":{"name":"(anonymous_0)","decl":{"start":{"line":9,"column":15},"end":{"line":9,"column":16}},"loc":{"start":{"line":9,"column":21},"end":{"line":9,"column":64}},"line":9},"1":{"name":"(anonymous_1)","decl":{"start":{"line":30,"column":43},"end":{"line":30,"column":44}},"loc":{"start":{"line":30,"column":55},"end":{"line":32,"column":1}},"line":30}},"branchMap":{"0":{"loc":{"start":{"line":31,"column":9},"end":{"line":31,"column":63}},"type":"cond-expr","locations":[{"start":{"line":31,"column":27},"end":{"line":31,"column":55}},{"start":{"line":31,"column":58},"end":{"line":31,"column":63}}],"line":31}},"s":{"0":1,"1":1,"2":1,"3":0,"4":1,"5":0,"6":1,"7":1},"f":{"0":0,"1":0},"b":{"0":[0,0]},"_coverageSchema":"1a1c01bbd47fc00a2c39e90264f33305004495a9","hash":"dce8fc9165b3681a11a3246d4dff79259e25539d"}
,"D:\\digital-library-card-management\\digital-library\\backend\\models\\User.js": {"path":"D:\\digital-library-card-management\\digital-library\\backend\\models\\User.js","statementMap":{"0":{"start":{"line":1,"column":17},"end":{"line":1,"column":36}},"1":{"start":{"line":2,"column":15},"end":{"line":2,"column":34}},"2":{"start":{"line":4,"column":19},"end":{"line":24,"column":1}},"3":{"start":{"line":27,"column":0},"end":{"line":31,"column":3}},"4":{"start":{"line":28,"column":2},"end":{"line":28,"column":50}},"5":{"start":{"line":28,"column":36},"end":{"line":28,"column":50}},"6":{"start":{"line":29,"column":2},"end":{"line":29,"column":55}},"7":{"start":{"line":30,"column":2},"end":{"line":30,"column":9}},"8":{"start":{"line":33,"column":0},"end":{"line":35,"column":2}},"9":{"start":{"line":34,"column":2},"end":{"line":34,"column":58}},"10":{"start":{"line":39,"column":0},"end":{"line":39,"column":30}},"11":{"start":{"line":41,"column":0},"end":{"line":41,"column":52}}},"fnMap":{"0":{"name":"(anonymous_0)","decl":{"start":{"line":27,"column":23},"end":{"line":27,"column":24}},"loc":{"start":{"line":27,"column":45},"end":{"line":31,"column":1}},"line":27},"1":{"name":"(anonymous_1)","decl":{"start":{"line":33,"column":37},"end":{"line":33,"column":38}},"loc":{"start":{"line":33,"column":72},"end":{"line":35,"column":1}},"line":33}},"branchMap":{"0":{"loc":{"start":{"line":28,"column":2},"end":{"line":28,"column":50}},"type":"if","locations":[{"start":{"line":28,"column":2},"end":{"line":28,"column":50}},{"start":{},"end":{}}],"line":28}},"s":{"0":1,"1":1,"2":1,"3":1,"4":0,"5":0,"6":0,"7":0,"8":1,"9":0,"10":1,"11":1},"f":{"0":0,"1":0},"b":{"0":[0,0]},"_coverageSchema":"1a1c01bbd47fc00a2c39e90264f33305004495a9","hash":"db3451e0007140b61818b8c7f588d02f863c6c78"}
,"D:\\digital-library-card-management\\digital-library\\backend\\routes\\admin.js": {"path":"D:\\digital-library-card-management\\digital-library\\backend\\routes\\admin.js","statementMap":{"0":{"start":{"line":1,"column":16},"end":{"line":1,"column":34}},"1":{"start":{"line":2,"column":15},"end":{"line":2,"column":31}},"2":{"start":{"line":3,"column":13},"end":{"line":3,"column":38}},"3":{"start":{"line":4,"column":13},"end":{"line":4,"column":38}},"4":{"start":{"line":5,"column":20},"end":{"line":5,"column":52}},"5":{"start":{"line":6,"column":13},"end":{"line":6,"column":38}},"6":{"start":{"line":7,"column":20},"end":{"line":7,"column":52}},"7":{"start":{"line":8,"column":31},"end":{"line":8,"column":61}},"8":{"start":{"line":9,"column":53},"end":{"line":9,"column":84}},"9":{"start":{"line":12,"column":0},"end":{"line":42,"column":4}},"10":{"start":{"line":21,"column":6},"end":{"line":29,"column":4}},"11":{"start":{"line":31,"column":2},"end":{"line":41,"column":5}},"12":{"start":{"line":45,"column":0},"end":{"line":67,"column":4}},"13":{"start":{"line":46,"column":32},"end":{"line":46,"column":56}},"14":{"start":{"line":47,"column":31},"end":{"line":47,"column":40}},"15":{"start":{"line":48,"column":17},"end":{"line":48,"column":19}},"16":{"start":{"line":49,"column":2},"end":{"line":49,"column":37}},"17":{"start":{"line":49,"column":14},"end":{"line":49,"column":37}},"18":{"start":{"line":50,"column":2},"end":{"line":54,"column":3}},"19":{"start":{"line":51,"column":4},"end":{"line":51,"column":26}},"20":{"start":{"line":52,"column":4},"end":{"line":52,"column":53}},"21":{"start":{"line":52,"column":14},"end":{"line":52,"column":53}},"22":{"start":{"line":53,"column":4},"end":{"line":53,"column":49}},"23":{"start":{"line":53,"column":12},"end":{"line":53,"column":49}},"24":{"start":{"line":55,"column":27},"end":{"line":65,"column":4}},"25":{"start":{"line":66,"column":2},"end":{"line":66,"column":75}},"26":{"start":{"line":70,"column":0},"end":{"line":92,"column":4}},"27":{"start":{"line":71,"column":53},"end":{"line":90,"column":4}},"28":{"start":{"line":91,"column":2},"end":{"line":91,"column":90}},"29":{"start":{"line":94,"column":0},"end":{"line":94,"column":24}}},"fnMap":{"0":{"name":"(anonymous_0)","decl":{"start":{"line":12,"column":80},"end":{"line":12,"column":81}},"loc":{"start":{"line":12,"column":100},"end":{"line":42,"column":1}},"line":12},"1":{"name":"(anonymous_1)","decl":{"start":{"line":45,"column":85},"end":{"line":45,"column":86}},"loc":{"start":{"line":45,"column":105},"end":{"line":67,"column":1}},"line":45},"2":{"name":"(anonymous_2)","decl":{"start":{"line":70,"column":79},"end":{"line":70,"column":80}},"loc":{"start":{"line":70,"column":99},"end":{"line":92,"column":1}},"line":70}},"branchMap":{"0":{"loc":{"start":{"line":39,"column":30},"end":{"line":39,"column":60}},"type":"binary-expr","locations":[{"start":{"line":39,"column":30},"end":{"line":39,"column":55}},{"start":{"line":39,"column":59},"end":{"line":39,"column":60}}],"line":39},"1":{"loc":{"start":{"line":49,"column":2},"end":{"line":49,"column":37}},"type":"if","locations":[{"start":{"line":49,"column":2},"end":{"line":49,"column":37}},{"start":{},"end":{}}],"line":49},"2":{"loc":{"start":{"line":50,"column":2},"end":{"line":54,"column":3}},"type":"if","locations":[{"start":{"line":50,"column":2},"end":{"line":54,"column":3}},{"start":{},"end":{}}],"line":50},"3":{"loc":{"start":{"line":50,"column":6},"end":{"line":50,"column":16}},"type":"binary-expr","locations":[{"start":{"line":50,"column":6},"end":{"line":50,"column":10}},{"start":{"line":50,"column":14},"end":{"line":50,"column":16}}],"line":50},"4":{"loc":{"start":{"line":52,"column":4},"end":{"line":52,"column":53}},"type":"if","locations":[{"start":{"line":52,"column":4},"end":{"line":52,"column":53}},{"start":{},"end":{}}],"line":52},"5":{"loc":{"start":{"line":53,"column":4},"end":{"line":53,"column":49}},"type":"if","locations":[{"start":{"line":53,"column":4},"end":{"line":53,"column":49}},{"start":{},"end":{}}],"line":53}},"s":{"0":1,"1":1,"2":1,"3":1,"4":1,"5":1,"6":1,"7":1,"8":1,"9":1,"10":0,"11":0,"12":1,"13":0,"14":0,"15":0,"16":0,"17":0,"18":0,"19":0,"20":0,"21":0,"22":0,"23":0,"24":0,"25":0,"26":1,"27":0,"28":0,"29":1},"f":{"0":0,"1":0,"2":0},"b":{"0":[0,0],"1":[0,0],"2":[0,0],"3":[0,0],"4":[0,0],"5":[0,0]},"_coverageSchema":"1a1c01bbd47fc00a2c39e90264f33305004495a9","hash":"747b62ee455b06a0fd7c184e3af761854f9ee2a9"}
,"D:\\digital-library-card-management\\digital-library\\backend\\routes\\auth.js": {"path":"D:\\digital-library-card-management\\digital-library\\backend\\routes\\auth.js","statementMap":{"0":{"start":{"line":1,"column":16},"end":{"line":1,"column":34}},"1":{"start":{"line":2,"column":15},"end":{"line":2,"column":31}},"2":{"start":{"line":3,"column":12},"end":{"line":3,"column":35}},"3":{"start":{"line":4,"column":13},"end":{"line":4,"column":38}},"4":{"start":{"line":5,"column":20},"end":{"line":5,"column":50}},"5":{"start":{"line":6,"column":38},"end":{"line":6,"column":69}},"6":{"start":{"line":9,"column":0},"end":{"line":20,"column":4}},"7":{"start":{"line":10,"column":72},"end":{"line":10,"column":80}},"8":{"start":{"line":11,"column":2},"end":{"line":11,"column":112}},"9":{"start":{"line":11,"column":36},"end":{"line":11,"column":112}},"10":{"start":{"line":13,"column":19},"end":{"line":13,"column":48}},"11":{"start":{"line":14,"column":2},"end":{"line":14,"column":77}},"12":{"start":{"line":14,"column":16},"end":{"line":14,"column":77}},"13":{"start":{"line":16,"column":15},"end":{"line":16,"column":114}},"14":{"start":{"line":17,"column":22},"end":{"line":17,"column":123}},"15":{"start":{"line":19,"column":2},"end":{"line":19,"column":175}},"16":{"start":{"line":23,"column":0},"end":{"line":40,"column":4}},"17":{"start":{"line":24,"column":30},"end":{"line":24,"column":38}},"18":{"start":{"line":25,"column":2},"end":{"line":25,"column":97}},"19":{"start":{"line":25,"column":27},"end":{"line":25,"column":97}},"20":{"start":{"line":27,"column":15},"end":{"line":27,"column":64}},"21":{"start":{"line":28,"column":2},"end":{"line":28,"column":91}},"22":{"start":{"line":28,"column":31},"end":{"line":28,"column":91}},"23":{"start":{"line":30,"column":18},"end":{"line":30,"column":54}},"24":{"start":{"line":31,"column":2},"end":{"line":31,"column":76}},"25":{"start":{"line":31,"column":16},"end":{"line":31,"column":76}},"26":{"start":{"line":33,"column":22},"end":{"line":33,"column":123}},"27":{"start":{"line":34,"column":23},"end":{"line":34,"column":129}},"28":{"start":{"line":36,"column":2},"end":{"line":36,"column":35}},"29":{"start":{"line":37,"column":2},"end":{"line":37,"column":49}},"30":{"start":{"line":39,"column":2},"end":{"line":39,"column":182}},"31":{"start":{"line":43,"column":0},"end":{"line":47,"column":4}},"32":{"start":{"line":44,"column":2},"end":{"line":44,"column":36}},"33":{"start":{"line":45,"column":2},"end":{"line":45,"column":53}},"34":{"start":{"line":46,"column":2},"end":{"line":46,"column":74}},"35":{"start":{"line":50,"column":0},"end":{"line":52,"column":4}},"36":{"start":{"line":51,"column":2},"end":{"line":51,"column":54}},"37":{"start":{"line":55,"column":0},"end":{"line":63,"column":4}},"38":{"start":{"line":56,"column":27},"end":{"line":56,"column":35}},"39":{"start":{"line":57,"column":2},"end":{"line":57,"column":82}},"40":{"start":{"line":57,"column":21},"end":{"line":57,"column":82}},"41":{"start":{"line":58,"column":18},"end":{"line":58,"column":100}},"42":{"start":{"line":59,"column":15},"end":{"line":59,"column":70}},"43":{"start":{"line":60,"column":2},"end":{"line":60,"column":113}},"44":{"start":{"line":60,"column":51},"end":{"line":60,"column":113}},"45":{"start":{"line":61,"column":22},"end":{"line":61,"column":123}},"46":{"start":{"line":62,"column":2},"end":{"line":62,"column":61}},"47":{"start":{"line":66,"column":0},"end":{"line":75,"column":4}},"48":{"start":{"line":67,"column":43},"end":{"line":67,"column":51}},"49":{"start":{"line":68,"column":2},"end":{"line":68,"column":99}},"50":{"start":{"line":68,"column":40},"end":{"line":68,"column":99}},"51":{"start":{"line":69,"column":15},"end":{"line":69,"column":68}},"52":{"start":{"line":70,"column":18},"end":{"line":70,"column":61}},"53":{"start":{"line":71,"column":2},"end":{"line":71,"column":84}},"54":{"start":{"line":71,"column":16},"end":{"line":71,"column":84}},"55":{"start":{"line":72,"column":2},"end":{"line":72,"column":30}},"56":{"start":{"line":73,"column":2},"end":{"line":73,"column":20}},"57":{"start":{"line":74,"column":2},"end":{"line":74,"column":80}},"58":{"start":{"line":77,"column":0},"end":{"line":77,"column":24}}},"fnMap":{"0":{"name":"(anonymous_0)","decl":{"start":{"line":9,"column":38},"end":{"line":9,"column":39}},"loc":{"start":{"line":9,"column":58},"end":{"line":20,"column":1}},"line":9},"1":{"name":"(anonymous_1)","decl":{"start":{"line":23,"column":35},"end":{"line":23,"column":36}},"loc":{"start":{"line":23,"column":55},"end":{"line":40,"column":1}},"line":23},"2":{"name":"(anonymous_2)","decl":{"start":{"line":43,"column":45},"end":{"line":43,"column":46}},"loc":{"start":{"line":43,"column":65},"end":{"line":47,"column":1}},"line":43},"3":{"name":"(anonymous_3)","decl":{"start":{"line":50,"column":40},"end":{"line":50,"column":41}},"loc":{"start":{"line":50,"column":60},"end":{"line":52,"column":1}},"line":50},"4":{"name":"(anonymous_4)","decl":{"start":{"line":55,"column":37},"end":{"line":55,"column":38}},"loc":{"start":{"line":55,"column":57},"end":{"line":63,"column":1}},"line":55},"5":{"name":"(anonymous_5)","decl":{"start":{"line":66,"column":53},"end":{"line":66,"column":54}},"loc":{"start":{"line":66,"column":73},"end":{"line":75,"column":1}},"line":66}},"branchMap":{"0":{"loc":{"start":{"line":11,"column":2},"end":{"line":11,"column":112}},"type":"if","locations":[{"start":{"line":11,"column":2},"end":{"line":11,"column":112}},{"start":{},"end":{}}],"line":11},"1":{"loc":{"start":{"line":11,"column":6},"end":{"line":11,"column":34}},"type":"binary-expr","locations":[{"start":{"line":11,"column":6},"end":{"line":11,"column":11}},{"start":{"line":11,"column":15},"end":{"line":11,"column":21}},{"start":{"line":11,"column":25},"end":{"line":11,"column":34}}],"line":11},"2":{"loc":{"start":{"line":14,"column":2},"end":{"line":14,"column":77}},"type":"if","locations":[{"start":{"line":14,"column":2},"end":{"line":14,"column":77}},{"start":{},"end":{}}],"line":14},"3":{"loc":{"start":{"line":16,"column":64},"end":{"line":16,"column":81}},"type":"binary-expr","locations":[{"start":{"line":16,"column":64},"end":{"line":16,"column":68}},{"start":{"line":16,"column":72},"end":{"line":16,"column":81}}],"line":16},"4":{"loc":{"start":{"line":17,"column":86},"end":{"line":17,"column":120}},"type":"binary-expr","locations":[{"start":{"line":17,"column":86},"end":{"line":17,"column":112}},{"start":{"line":17,"column":116},"end":{"line":17,"column":120}}],"line":17},"5":{"loc":{"start":{"line":25,"column":2},"end":{"line":25,"column":97}},"type":"if","locations":[{"start":{"line":25,"column":2},"end":{"line":25,"column":97}},{"start":{},"end":{}}],"line":25},"6":{"loc":{"start":{"line":25,"column":6},"end":{"line":25,"column":25}},"type":"binary-expr","locations":[{"start":{"line":25,"column":6},"end":{"line":25,"column":12}},{"start":{"line":25,"column":16},"end":{"line":25,"column":25}}],"line":25},"7":{"loc":{"start":{"line":28,"column":2},"end":{"line":28,"column":91}},"type":"if","locations":[{"start":{"line":28,"column":2},"end":{"line":28,"column":91}},{"start":{},"end":{}}],"line":28},"8":{"loc":{"start":{"line":28,"column":6},"end":{"line":28,"column":29}},"type":"binary-expr","locations":[{"start":{"line":28,"column":6},"end":{"line":28,"column":11}},{"start":{"line":28,"column":15},"end":{"line":28,"column":29}}],"line":28},"9":{"loc":{"start":{"line":31,"column":2},"end":{"line":31,"column":76}},"type":"if","locations":[{"start":{"line":31,"column":2},"end":{"line":31,"column":76}},{"start":{},"end":{}}],"line":31},"10":{"loc":{"start":{"line":33,"column":86},"end":{"line":33,"column":120}},"type":"binary-expr","locations":[{"start":{"line":33,"column":86},"end":{"line":33,"column":112}},{"start":{"line":33,"column":116},"end":{"line":33,"column":120}}],"line":33},"11":{"loc":{"start":{"line":34,"column":50},"end":{"line":34,"column":106}},"type":"binary-expr","locations":[{"start":{"line":34,"column":50},"end":{"line":34,"column":80}},{"start":{"line":34,"column":84},"end":{"line":34,"column":106}}],"line":34},"12":{"loc":{"start":{"line":57,"column":2},"end":{"line":57,"column":82}},"type":"if","locations":[{"start":{"line":57,"column":2},"end":{"line":57,"column":82}},{"start":{},"end":{}}],"line":57},"13":{"loc":{"start":{"line":58,"column":43},"end":{"line":58,"column":99}},"type":"binary-expr","locations":[{"start":{"line":58,"column":43},"end":{"line":58,"column":73}},{"start":{"line":58,"column":77},"end":{"line":58,"column":99}}],"line":58},"14":{"loc":{"start":{"line":60,"column":2},"end":{"line":60,"column":113}},"type":"if","locations":[{"start":{"line":60,"column":2},"end":{"line":60,"column":113}},{"start":{},"end":{}}],"line":60},"15":{"loc":{"start":{"line":60,"column":6},"end":{"line":60,"column":49}},"type":"binary-expr","locations":[{"start":{"line":60,"column":6},"end":{"line":60,"column":11}},{"start":{"line":60,"column":15},"end":{"line":60,"column":49}}],"line":60},"16":{"loc":{"start":{"line":61,"column":86},"end":{"line":61,"column":120}},"type":"binary-expr","locations":[{"start":{"line":61,"column":86},"end":{"line":61,"column":112}},{"start":{"line":61,"column":116},"end":{"line":61,"column":120}}],"line":61},"17":{"loc":{"start":{"line":68,"column":2},"end":{"line":68,"column":99}},"type":"if","locations":[{"start":{"line":68,"column":2},"end":{"line":68,"column":99}},{"start":{},"end":{}}],"line":68},"18":{"loc":{"start":{"line":68,"column":6},"end":{"line":68,"column":38}},"type":"binary-expr","locations":[{"start":{"line":68,"column":6},"end":{"line":68,"column":22}},{"start":{"line":68,"column":26},"end":{"line":68,"column":38}}],"line":68},"19":{"loc":{"start":{"line":71,"column":2},"end":{"line":71,"column":84}},"type":"if","locations":[{"start":{"line":71,"column":2},"end":{"line":71,"column":84}},{"start":{},"end":{}}],"line":71}},"s":{"0":1,"1":1,"2":1,"3":1,"4":1,"5":1,"6":1,"7":0,"8":0,"9":0,"10":0,"11":0,"12":0,"13":0,"14":0,"15":0,"16":1,"17":0,"18":0,"19":0,"20":0,"21":0,"22":0,"23":0,"24":0,"25":0,"26":0,"27":0,"28":0,"29":0,"30":0,"31":1,"32":0,"33":0,"34":0,"35":1,"36":0,"37":1,"38":0,"39":0,"40":0,"41":0,"42":0,"43":0,"44":0,"45":0,"46":0,"47":1,"48":0,"49":0,"50":0,"51":0,"52":0,"53":0,"54":0,"55":0,"56":0,"57":0,"58":1},"f":{"0":0,"1":0,"2":0,"3":0,"4":0,"5":0},"b":{"0":[0,0],"1":[0,0,0],"2":[0,0],"3":[0,0],"4":[0,0],"5":[0,0],"6":[0,0],"7":[0,0],"8":[0,0],"9":[0,0],"10":[0,0],"11":[0,0],"12":[0,0],"13":[0,0],"14":[0,0],"15":[0,0],"16":[0,0],"17":[0,0],"18":[0,0],"19":[0,0]},"_coverageSchema":"1a1c01bbd47fc00a2c39e90264f33305004495a9","hash":"e2ac95a74dffce30133191caa705eb462c8c0a35"}
,"D:\\digital-library-card-management\\digital-library\\backend\\routes\\books.js": {"path":"D:\\digital-library-card-management\\digital-library\\backend\\routes\\books.js","statementMap":{"0":{"start":{"line":1,"column":16},"end":{"line":1,"column":34}},"1":{"start":{"line":2,"column":15},"end":{"line":2,"column":31}},"2":{"start":{"line":3,"column":13},"end":{"line":3,"column":38}},"3":{"start":{"line":4,"column":20},"end":{"line":4,"column":52}},"4":{"start":{"line":5,"column":31},"end":{"line":5,"column":61}},"5":{"start":{"line":6,"column":53},"end":{"line":6,"column":84}},"6":{"start":{"line":9,"column":0},"end":{"line":25,"column":4}},"7":{"start":{"line":10,"column":32},"end":{"line":10,"column":56}},"8":{"start":{"line":11,"column":45},"end":{"line":11,"column":54}},"9":{"start":{"line":12,"column":17},"end":{"line":12,"column":35}},"10":{"start":{"line":14,"column":2},"end":{"line":14,"column":49}},"11":{"start":{"line":14,"column":14},"end":{"line":14,"column":49}},"12":{"start":{"line":15,"column":2},"end":{"line":15,"column":34}},"13":{"start":{"line":15,"column":13},"end":{"line":15,"column":34}},"14":{"start":{"line":16,"column":2},"end":{"line":16,"column":64}},"15":{"start":{"line":16,"column":28},"end":{"line":16,"column":64}},"16":{"start":{"line":18,"column":18},"end":{"line":18,"column":105}},"17":{"start":{"line":20,"column":25},"end":{"line":23,"column":4}},"18":{"start":{"line":24,"column":2},"end":{"line":24,"column":73}},"19":{"start":{"line":28,"column":0},"end":{"line":31,"column":4}},"20":{"start":{"line":29,"column":17},"end":{"line":29,"column":87}},"21":{"start":{"line":30,"column":2},"end":{"line":30,"column":52}},"22":{"start":{"line":34,"column":0},"end":{"line":38,"column":4}},"23":{"start":{"line":35,"column":15},"end":{"line":35,"column":77}},"24":{"start":{"line":36,"column":2},"end":{"line":36,"column":82}},"25":{"start":{"line":36,"column":31},"end":{"line":36,"column":82}},"26":{"start":{"line":37,"column":2},"end":{"line":37,"column":50}},"27":{"start":{"line":41,"column":0},"end":{"line":50,"column":4}},"28":{"start":{"line":42,"column":32},"end":{"line":42,"column":56}},"29":{"start":{"line":43,"column":27},"end":{"line":48,"column":4}},"30":{"start":{"line":49,"column":2},"end":{"line":49,"column":75}},"31":{"start":{"line":53,"column":0},"end":{"line":56,"column":4}},"32":{"start":{"line":54,"column":15},"end":{"line":54,"column":72}},"33":{"start":{"line":55,"column":2},"end":{"line":55,"column":86}},"34":{"start":{"line":59,"column":0},"end":{"line":63,"column":4}},"35":{"start":{"line":60,"column":15},"end":{"line":60,"column":104}},"36":{"start":{"line":61,"column":2},"end":{"line":61,"column":64}},"37":{"start":{"line":61,"column":13},"end":{"line":61,"column":64}},"38":{"start":{"line":62,"column":2},"end":{"line":62,"column":75}},"39":{"start":{"line":66,"column":0},"end":{"line":70,"column":4}},"40":{"start":{"line":67,"column":15},"end":{"line":67,"column":94}},"41":{"start":{"line":68,"column":2},"end":{"line":68,"column":64}},"42":{"start":{"line":68,"column":13},"end":{"line":68,"column":64}},"43":{"start":{"line":69,"column":2},"end":{"line":69,"column":67}},"44":{"start":{"line":72,"column":0},"end":{"line":72,"column":24}}},"fnMap":{"0":{"name":"(anonymous_0)","decl":{"start":{"line":9,"column":38},"end":{"line":9,"column":39}},"loc":{"start":{"line":9,"column":58},"end":{"line":25,"column":1}},"line":9},"1":{"name":"(anonymous_1)","decl":{"start":{"line":28,"column":44},"end":{"line":28,"column":45}},"loc":{"start":{"line":28,"column":64},"end":{"line":31,"column":1}},"line":28},"2":{"name":"(anonymous_2)","decl":{"start":{"line":34,"column":41},"end":{"line":34,"column":42}},"loc":{"start":{"line":34,"column":61},"end":{"line":38,"column":1}},"line":34},"3":{"name":"(anonymous_3)","decl":{"start":{"line":41,"column":82},"end":{"line":41,"column":83}},"loc":{"start":{"line":41,"column":102},"end":{"line":50,"column":1}},"line":41},"4":{"name":"(anonymous_4)","decl":{"start":{"line":53,"column":72},"end":{"line":53,"column":73}},"loc":{"start":{"line":53,"column":92},"end":{"line":56,"column":1}},"line":53},"5":{"name":"(anonymous_5)","decl":{"start":{"line":59,"column":74},"end":{"line":59,"column":75}},"loc":{"start":{"line":59,"column":94},"end":{"line":63,"column":1}},"line":59},"6":{"name":"(anonymous_6)","decl":{"start":{"line":66,"column":64},"end":{"line":66,"column":65}},"loc":{"start":{"line":66,"column":84},"end":{"line":70,"column":1}},"line":66}},"branchMap":{"0":{"loc":{"start":{"line":14,"column":2},"end":{"line":14,"column":49}},"type":"if","locations":[{"start":{"line":14,"column":2},"end":{"line":14,"column":49}},{"start":{},"end":{}}],"line":14},"1":{"loc":{"start":{"line":15,"column":2},"end":{"line":15,"column":34}},"type":"if","locations":[{"start":{"line":15,"column":2},"end":{"line":15,"column":34}},{"start":{},"end":{}}],"line":15},"2":{"loc":{"start":{"line":16,"column":2},"end":{"line":16,"column":64}},"type":"if","locations":[{"start":{"line":16,"column":2},"end":{"line":16,"column":64}},{"start":{},"end":{}}],"line":16},"3":{"loc":{"start":{"line":18,"column":18},"end":{"line":18,"column":105}},"type":"cond-expr","locations":[{"start":{"line":18,"column":37},"end":{"line":18,"column":49}},{"start":{"line":18,"column":52},"end":{"line":18,"column":105}}],"line":18},"4":{"loc":{"start":{"line":18,"column":52},"end":{"line":18,"column":105}},"type":"cond-expr","locations":[{"start":{"line":18,"column":72},"end":{"line":18,"column":85}},{"start":{"line":18,"column":88},"end":{"line":18,"column":105}}],"line":18},"5":{"loc":{"start":{"line":36,"column":2},"end":{"line":36,"column":82}},"type":"if","locations":[{"start":{"line":36,"column":2},"end":{"line":36,"column":82}},{"start":{},"end":{}}],"line":36},"6":{"loc":{"start":{"line":36,"column":6},"end":{"line":36,"column":29}},"type":"binary-expr","locations":[{"start":{"line":36,"column":6},"end":{"line":36,"column":11}},{"start":{"line":36,"column":15},"end":{"line":36,"column":29}}],"line":36},"7":{"loc":{"start":{"line":61,"column":2},"end":{"line":61,"column":64}},"type":"if","locations":[{"start":{"line":61,"column":2},"end":{"line":61,"column":64}},{"start":{},"end":{}}],"line":61},"8":{"loc":{"start":{"line":68,"column":2},"end":{"line":68,"column":64}},"type":"if","locations":[{"start":{"line":68,"column":2},"end":{"line":68,"column":64}},{"start":{},"end":{}}],"line":68}},"s":{"0":1,"1":1,"2":1,"3":1,"4":1,"5":1,"6":1,"7":0,"8":0,"9":0,"10":0,"11":0,"12":0,"13":0,"14":0,"15":0,"16":0,"17":0,"18":0,"19":1,"20":0,"21":0,"22":1,"23":0,"24":0,"25":0,"26":0,"27":1,"28":0,"29":0,"30":0,"31":1,"32":0,"33":0,"34":1,"35":0,"36":0,"37":0,"38":0,"39":1,"40":0,"41":0,"42":0,"43":0,"44":1},"f":{"0":0,"1":0,"2":0,"3":0,"4":0,"5":0,"6":0},"b":{"0":[0,0],"1":[0,0],"2":[0,0],"3":[0,0],"4":[0,0],"5":[0,0],"6":[0,0],"7":[0,0],"8":[0,0]},"_coverageSchema":"1a1c01bbd47fc00a2c39e90264f33305004495a9","hash":"e36ea18d6279744f2ebc3bb8eeb9ce84af3f6fc8"}
,"D:\\digital-library-card-management\\digital-library\\backend\\routes\\fines.js": {"path":"D:\\digital-library-card-management\\digital-library\\backend\\routes\\fines.js","statementMap":{"0":{"start":{"line":1,"column":16},"end":{"line":1,"column":34}},"1":{"start":{"line":2,"column":15},"end":{"line":2,"column":31}},"2":{"start":{"line":3,"column":13},"end":{"line":3,"column":38}},"3":{"start":{"line":4,"column":13},"end":{"line":4,"column":38}},"4":{"start":{"line":5,"column":21},"end":{"line":5,"column":53}},"5":{"start":{"line":6,"column":15},"end":{"line":6,"column":41}},"6":{"start":{"line":7,"column":31},"end":{"line":7,"column":61}},"7":{"start":{"line":8,"column":53},"end":{"line":8,"column":84}},"8":{"start":{"line":11,"column":0},"end":{"line":19,"column":4}},"9":{"start":{"line":12,"column":32},"end":{"line":12,"column":56}},"10":{"start":{"line":13,"column":17},"end":{"line":13,"column":42}},"11":{"start":{"line":14,"column":25},"end":{"line":17,"column":4}},"12":{"start":{"line":18,"column":2},"end":{"line":18,"column":73}},"13":{"start":{"line":22,"column":0},"end":{"line":27,"column":4}},"14":{"start":{"line":23,"column":16},"end":{"line":25,"column":4}},"15":{"start":{"line":26,"column":2},"end":{"line":26,"column":51}},"16":{"start":{"line":30,"column":0},"end":{"line":39,"column":4}},"17":{"start":{"line":31,"column":32},"end":{"line":31,"column":56}},"18":{"start":{"line":32,"column":21},"end":{"line":32,"column":30}},"19":{"start":{"line":33,"column":17},"end":{"line":33,"column":41}},"20":{"start":{"line":34,"column":25},"end":{"line":37,"column":4}},"21":{"start":{"line":38,"column":2},"end":{"line":38,"column":73}},"22":{"start":{"line":42,"column":0},"end":{"line":49,"column":4}},"23":{"start":{"line":43,"column":15},"end":{"line":43,"column":109}},"24":{"start":{"line":44,"column":2},"end":{"line":44,"column":64}},"25":{"start":{"line":44,"column":13},"end":{"line":44,"column":64}},"26":{"start":{"line":45,"column":2},"end":{"line":47,"column":3}},"27":{"start":{"line":46,"column":4},"end":{"line":46,"column":38}},"28":{"start":{"line":48,"column":2},"end":{"line":48,"column":50}},"29":{"start":{"line":52,"column":0},"end":{"line":67,"column":4}},"30":{"start":{"line":53,"column":54},"end":{"line":53,"column":62}},"31":{"start":{"line":54,"column":15},"end":{"line":54,"column":49}},"32":{"start":{"line":55,"column":2},"end":{"line":55,"column":64}},"33":{"start":{"line":55,"column":13},"end":{"line":55,"column":64}},"34":{"start":{"line":56,"column":2},"end":{"line":56,"column":124}},"35":{"start":{"line":56,"column":58},"end":{"line":56,"column":124}},"36":{"start":{"line":58,"column":2},"end":{"line":58,"column":64}},"37":{"start":{"line":59,"column":2},"end":{"line":59,"column":37}},"38":{"start":{"line":60,"column":2},"end":{"line":60,"column":43}},"39":{"start":{"line":61,"column":2},"end":{"line":61,"column":34}},"40":{"start":{"line":62,"column":2},"end":{"line":62,"column":68}},"41":{"start":{"line":63,"column":2},"end":{"line":63,"column":55}},"42":{"start":{"line":63,"column":30},"end":{"line":63,"column":55}},"43":{"start":{"line":64,"column":2},"end":{"line":64,"column":20}},"44":{"start":{"line":66,"column":2},"end":{"line":66,"column":79}},"45":{"start":{"line":70,"column":0},"end":{"line":78,"column":4}},"46":{"start":{"line":71,"column":15},"end":{"line":75,"column":3}},"47":{"start":{"line":76,"column":2},"end":{"line":76,"column":64}},"48":{"start":{"line":76,"column":13},"end":{"line":76,"column":64}},"49":{"start":{"line":77,"column":2},"end":{"line":77,"column":74}},"50":{"start":{"line":81,"column":0},"end":{"line":89,"column":4}},"51":{"start":{"line":82,"column":23},"end":{"line":82,"column":95}},"52":{"start":{"line":83,"column":13},"end":{"line":83,"column":14}},"53":{"start":{"line":84,"column":2},"end":{"line":87,"column":3}},"54":{"start":{"line":85,"column":4},"end":{"line":85,"column":98}},"55":{"start":{"line":85,"column":73},"end":{"line":85,"column":96}},"56":{"start":{"line":86,"column":4},"end":{"line":86,"column":11}},"57":{"start":{"line":88,"column":2},"end":{"line":88,"column":85}},"58":{"start":{"line":91,"column":0},"end":{"line":91,"column":24}}},"fnMap":{"0":{"name":"(anonymous_0)","decl":{"start":{"line":11,"column":68},"end":{"line":11,"column":69}},"loc":{"start":{"line":11,"column":88},"end":{"line":19,"column":1}},"line":11},"1":{"name":"(anonymous_1)","decl":{"start":{"line":22,"column":76},"end":{"line":22,"column":77}},"loc":{"start":{"line":22,"column":96},"end":{"line":27,"column":1}},"line":22},"2":{"name":"(anonymous_2)","decl":{"start":{"line":30,"column":71},"end":{"line":30,"column":72}},"loc":{"start":{"line":30,"column":91},"end":{"line":39,"column":1}},"line":30},"3":{"name":"(anonymous_3)","decl":{"start":{"line":42,"column":41},"end":{"line":42,"column":42}},"loc":{"start":{"line":42,"column":61},"end":{"line":49,"column":1}},"line":42},"4":{"name":"(anonymous_4)","decl":{"start":{"line":52,"column":80},"end":{"line":52,"column":81}},"loc":{"start":{"line":52,"column":100},"end":{"line":67,"column":1}},"line":52},"5":{"name":"(anonymous_5)","decl":{"start":{"line":70,"column":69},"end":{"line":70,"column":70}},"loc":{"start":{"line":70,"column":89},"end":{"line":78,"column":1}},"line":70},"6":{"name":"(anonymous_6)","decl":{"start":{"line":81,"column":86},"end":{"line":81,"column":87}},"loc":{"start":{"line":81,"column":106},"end":{"line":89,"column":1}},"line":81},"7":{"name":"(anonymous_7)","decl":{"start":{"line":85,"column":66},"end":{"line":85,"column":67}},"loc":{"start":{"line":85,"column":73},"end":{"line":85,"column":96}},"line":85}},"branchMap":{"0":{"loc":{"start":{"line":33,"column":17},"end":{"line":33,"column":41}},"type":"cond-expr","locations":[{"start":{"line":33,"column":26},"end":{"line":33,"column":36}},{"start":{"line":33,"column":39},"end":{"line":33,"column":41}}],"line":33},"1":{"loc":{"start":{"line":44,"column":2},"end":{"line":44,"column":64}},"type":"if","locations":[{"start":{"line":44,"column":2},"end":{"line":44,"column":64}},{"start":{},"end":{}}],"line":44},"2":{"loc":{"start":{"line":45,"column":2},"end":{"line":47,"column":3}},"type":"if","locations":[{"start":{"line":45,"column":2},"end":{"line":47,"column":3}},{"start":{},"end":{}}],"line":45},"3":{"loc":{"start":{"line":45,"column":6},"end":{"line":45,"column":92}},"type":"binary-expr","locations":[{"start":{"line":45,"column":6},"end":{"line":45,"column":33}},{"start":{"line":45,"column":37},"end":{"line":45,"column":92}}],"line":45},"4":{"loc":{"start":{"line":55,"column":2},"end":{"line":55,"column":64}},"type":"if","locations":[{"start":{"line":55,"column":2},"end":{"line":55,"column":64}},{"start":{},"end":{}}],"line":55},"5":{"loc":{"start":{"line":56,"column":2},"end":{"line":56,"column":124}},"type":"if","locations":[{"start":{"line":56,"column":2},"end":{"line":56,"column":124}},{"start":{},"end":{}}],"line":56},"6":{"loc":{"start":{"line":56,"column":6},"end":{"line":56,"column":56}},"type":"binary-expr","locations":[{"start":{"line":56,"column":6},"end":{"line":56,"column":28}},{"start":{"line":56,"column":32},"end":{"line":56,"column":56}}],"line":56},"7":{"loc":{"start":{"line":58,"column":21},"end":{"line":58,"column":41}},"type":"binary-expr","locations":[{"start":{"line":58,"column":21},"end":{"line":58,"column":36}},{"start":{"line":58,"column":40},"end":{"line":58,"column":41}}],"line":58},"8":{"loc":{"start":{"line":62,"column":16},"end":{"line":62,"column":67}},"type":"cond-expr","locations":[{"start":{"line":62,"column":49},"end":{"line":62,"column":55}},{"start":{"line":62,"column":58},"end":{"line":62,"column":67}}],"line":62},"9":{"loc":{"start":{"line":63,"column":2},"end":{"line":63,"column":55}},"type":"if","locations":[{"start":{"line":63,"column":2},"end":{"line":63,"column":55}},{"start":{},"end":{}}],"line":63},"10":{"loc":{"start":{"line":76,"column":2},"end":{"line":76,"column":64}},"type":"if","locations":[{"start":{"line":76,"column":2},"end":{"line":76,"column":64}},{"start":{},"end":{}}],"line":76}},"s":{"0":1,"1":1,"2":1,"3":1,"4":1,"5":1,"6":1,"7":1,"8":1,"9":0,"10":0,"11":0,"12":0,"13":1,"14":0,"15":0,"16":1,"17":0,"18":0,"19":0,"20":0,"21":0,"22":1,"23":0,"24":0,"25":0,"26":0,"27":0,"28":0,"29":1,"30":0,"31":0,"32":0,"33":0,"34":0,"35":0,"36":0,"37":0,"38":0,"39":0,"40":0,"41":0,"42":0,"43":0,"44":0,"45":1,"46":0,"47":0,"48":0,"49":0,"50":1,"51":0,"52":0,"53":0,"54":0,"55":0,"56":0,"57":0,"58":1},"f":{"0":0,"1":0,"2":0,"3":0,"4":0,"5":0,"6":0,"7":0},"b":{"0":[0,0],"1":[0,0],"2":[0,0],"3":[0,0],"4":[0,0],"5":[0,0],"6":[0,0],"7":[0,0],"8":[0,0],"9":[0,0],"10":[0,0]},"_coverageSchema":"1a1c01bbd47fc00a2c39e90264f33305004495a9","hash":"6685db68d05053b68652fb73ffaca9c4e45797ad"}
,"D:\\digital-library-card-management\\digital-library\\backend\\routes\\issues.js": {"path":"D:\\digital-library-card-management\\digital-library\\backend\\routes\\issues.js","statementMap":{"0":{"start":{"line":1,"column":16},"end":{"line":1,"column":34}},"1":{"start":{"line":2,"column":15},"end":{"line":2,"column":31}},"2":{"start":{"line":3,"column":31},"end":{"line":3,"column":61}},"3":{"start":{"line":11,"column":4},"end":{"line":11,"column":33}},"4":{"start":{"line":14,"column":0},"end":{"line":14,"column":75}},"5":{"start":{"line":17,"column":0},"end":{"line":17,"column":77}},"6":{"start":{"line":20,"column":0},"end":{"line":20,"column":36}},"7":{"start":{"line":23,"column":0},"end":{"line":23,"column":83}},"8":{"start":{"line":26,"column":0},"end":{"line":26,"column":42}},"9":{"start":{"line":29,"column":0},"end":{"line":29,"column":46}},"10":{"start":{"line":31,"column":0},"end":{"line":31,"column":24}}},"fnMap":{},"branchMap":{},"s":{"0":1,"1":1,"2":1,"3":1,"4":1,"5":1,"6":1,"7":1,"8":1,"9":1,"10":1},"f":{},"b":{},"_coverageSchema":"1a1c01bbd47fc00a2c39e90264f33305004495a9","hash":"421a9d33030d1eebf471324e5b0ec80d651801af"}
[...]
ous_0)","decl":{"start":{"line":8,"column":71},"end":{"line":8,"column":72}},"loc":{"start":{"line":8,"column":91},"end":{"line":23,"column":1}},"line":8},"1":{"name":"(anonymous_1)","decl":{"start":{"line":26,"column":79},"end":{"line":26,"column":80}},"loc":{"start":{"line":26,"column":99},"end":{"line":40,"column":1}},"line":26},"2":{"name":"(anonymous_2)","decl":{"start":{"line":43,"column":74},"end":{"line":43,"column":75}},"loc":{"start":{"line":43,"column":94},"end":{"line":47,"column":1}},"line":43},"3":{"name":"(anonymous_3)","decl":{"start":{"line":50,"column":61},"end":{"line":50,"column":62}},"loc":{"start":{"line":50,"column":81},"end":{"line":55,"column":1}},"line":50},"4":{"name":"(anonymous_4)","decl":{"start":{"line":58,"column":40},"end":{"line":58,"column":41}},"loc":{"start":{"line":58,"column":60},"end":{"line":62,"column":1}},"line":58},"5":{"name":"(anonymous_5)","decl":{"start":{"line":65,"column":64},"end":{"line":65,"column":65}},"loc":{"start":{"line":65,"column":84},"end":{"line":69,"column":1}},"line":65}},"branchMap":{"0":{"loc":{"start":{"line":12,"column":2},"end":{"line":12,"column":31}},"type":"if","locations":[{"start":{"line":12,"column":2},"end":{"line":12,"column":31}},{"start":{},"end":{}}],"line":12},"1":{"loc":{"start":{"line":13,"column":2},"end":{"line":17,"column":4}},"type":"if","locations":[{"start":{"line":13,"column":2},"end":{"line":17,"column":4}},{"start":{},"end":{}}],"line":13},"2":{"loc":{"start":{"line":30,"column":2},"end":{"line":34,"column":4}},"type":"if","locations":[{"start":{"line":30,"column":2},"end":{"line":34,"column":4}},{"start":{},"end":{}}],"line":30},"3":{"loc":{"start":{"line":45,"column":2},"end":{"line":45,"column":64}},"type":"if","locations":[{"start":{"line":45,"column":2},"end":{"line":45,"column":64}},{"start":{},"end":{}}],"line":45},"4":{"loc":{"start":{"line":53,"column":2},"end":{"line":53,"column":64}},"type":"if","locations":[{"start":{"line":53,"column":2},"end":{"line":53,"column":64}},{"start":{},"end":{}}],"line":53},"5":{"loc":{"start":{"line":67,"column":2},"end":{"line":67,"column":64}},"type":"if","locations":[{"start":{"line":67,"column":2},"end":{"line":67,"column":64}},{"start":{},"end":{}}],"line":67}},"s":{"0":1,"1":1,"2":1,"3":1,"4":1,"5":1,"6":0,"7":0,"8":0,"9":0,"10":0,"11":0,"12":0,"13":0,"14":0,"15":1,"16":0,"17":0,"18":0,"19":0,"20":0,"21":0,"22":0,"23":1,"24":0,"25":0,"26":0,"27":0,"28":1,"29":0,"30":0,"31":0,"32":0,"33":0,"34":1,"35":0,"36":0,"37":0,"38":1,"39":0,"40":0,"41":0,"42":0,"43":1},"f":{"0":0,"1":0,"2":0,"3":0,"4":0,"5":0},"b":{"0":[0,0],"1":[0,0],"2":[0,0],"3":[0,0],"4":[0,0],"5":[0,0]},"_coverageSchema":"1a1c01bbd47fc00a2c39e90264f33305004495a9","hash":"3907d949d11614e4abbffa55cc98e8cb95ad0c56"}
,"D:\\digital-library-card-management\\digital-library\\backend\\utils\\apiResponse.js": {"path":"D:\\digital-library-card-management\\digital-library\\backend\\utils\\apiResponse.js","statementMap":{"0":{"start":{"line":2,"column":21},"end":{"line":4,"column":1}},"1":{"start":{"line":2,"column":29},"end":{"line":4,"column":1}},"2":{"start":{"line":3,"column":2},"end":{"line":3,"column":50}},"3":{"start":{"line":7,"column":22},"end":{"line":15,"column":1}},"4":{"start":{"line":8,"column":15},"end":{"line":8,"column":53}},"5":{"start":{"line":9,"column":16},"end":{"line":12,"column":3}},"6":{"start":{"line":13,"column":15},"end":{"line":13,"column":33}},"7":{"start":{"line":14,"column":2},"end":{"line":14,"column":31}},"8":{"start":{"line":20,"column":4},"end":{"line":20,"column":73}},"9":{"start":{"line":24,"column":4},"end":{"line":24,"column":66}},"10":{"start":{"line":28,"column":4},"end":{"line":39,"column":7}},"11":{"start":{"line":43,"column":4},"end":{"line":43,"column":69}},"12":{"start":{"line":47,"column":4},"end":{"line":47,"column":61}},"13":{"start":{"line":51,"column":4},"end":{"line":51,"column":61}},"14":{"start":{"line":55,"column":4},"end":{"line":55,"column":61}},"15":{"start":{"line":59,"column":4},"end":{"line":59,"column":61}},"16":{"start":{"line":63,"column":4},"end":{"line":63,"column":61}},"17":{"start":{"line":67,"column":0},"end":{"line":67,"column":62}}},"fnMap":{"0":{"name":"(anonymous_0)","decl":{"start":{"line":2,"column":21},"end":{"line":2,"column":22}},"loc":{"start":{"line":2,"column":29},"end":{"line":4,"column":1}},"line":2},"1":{"name":"(anonymous_1)","decl":{"start":{"line":2,"column":29},"end":{"line":2,"column":30}},"loc":{"start":{"line":2,"column":49},"end":{"line":4,"column":1}},"line":2},"2":{"name":"(anonymous_2)","decl":{"start":{"line":7,"column":22},"end":{"line":7,"column":23}},"loc":{"start":{"line":7,"column":33},"end":{"line":15,"column":1}},"line":7},"3":{"name":"(anonymous_3)","decl":{"start":{"line":19,"column":2},"end":{"line":19,"column":3}},"loc":{"start":{"line":19,"column":83},"end":{"line":21,"column":3}},"line":19},"4":{"name":"(anonymous_4)","decl":{"start":{"line":23,"column":2},"end":{"line":23,"column":3}},"loc":{"start":{"line":23,"column":65},"end":{"line":25,"column":3}},"line":23},"5":{"name":"(anonymous_5)","decl":{"start":{"line":27,"column":2},"end":{"line":27,"column":3}},"loc":{"start":{"line":27,"column":54},"end":{"line":40,"column":3}},"line":27},"6":{"name":"(anonymous_6)","decl":{"start":{"line":42,"column":2},"end":{"line":42,"column":3}},"loc":{"start":{"line":42,"column":65},"end":{"line":44,"column":3}},"line":42},"7":{"name":"(anonymous_7)","decl":{"start":{"line":46,"column":2},"end":{"line":46,"column":3}},"loc":{"start":{"line":46,"column":53},"end":{"line":48,"column":3}},"line":46},"8":{"name":"(anonymous_8)","decl":{"start":{"line":50,"column":2},"end":{"line":50,"column":3}},"loc":{"start":{"line":50,"column":76},"end":{"line":52,"column":3}},"line":50},"9":{"name":"(anonymous_9)","decl":{"start":{"line":54,"column":2},"end":{"line":54,"column":3}},"loc":{"start":{"line":54,"column":55},"end":{"line":56,"column":3}},"line":54},"10":{"name":"(anonymous_10)","decl":{"start":{"line":58,"column":2},"end":{"line":58,"column":3}},"loc":{"start":{"line":58,"column":45},"end":{"line":60,"column":3}},"line":58},"11":{"name":"(anonymous_11)","decl":{"start":{"line":62,"column":2},"end":{"line":62,"column":3}},"loc":{"start":{"line":62,"column":61},"end":{"line":64,"column":3}},"line":62}},"branchMap":{"0":{"loc":{"start":{"line":8,"column":27},"end":{"line":8,"column":52}},"type":"binary-expr","locations":[{"start":{"line":8,"column":27},"end":{"line":8,"column":47}},{"start":{"line":8,"column":51},"end":{"line":8,"column":52}}],"line":8},"1":{"loc":{"start":{"line":10,"column":4},"end":{"line":10,"column":74}},"type":"binary-expr","locations":[{"start":{"line":10,"column":4},"end":{"line":10,"column":25}},{"start":{"line":10,"column":29},"end":{"line":10,"column":68}},{"start":{"line":10,"column":72},"end":{"line":10,"column":74}}],"line":10},"2":{"loc":{"start":{"line":11,"column":4},"end":{"line":11,"column":46}},"type":"binary-expr","locations":[{"start":{"line":11,"column":4},"end":{"line":11,"column":39}},{"start":{"line":11,"column":43},"end":{"line":11,"column":46}}],"line":11},"3":{"loc":{"start":{"line":19,"column":22},"end":{"line":19,"column":81}},"type":"default-arg","locations":[{"start":{"line":19,"column":79},"end":{"line":19,"column":81}}],"line":19},"4":{"loc":{"start":{"line":19,"column":24},"end":{"line":19,"column":43}},"type":"default-arg","locations":[{"start":{"line":19,"column":34},"end":{"line":19,"column":43}}],"line":19},"5":{"loc":{"start":{"line":19,"column":45},"end":{"line":19,"column":56}},"type":"default-arg","locations":[{"start":{"line":19,"column":52},"end":{"line":19,"column":56}}],"line":19},"6":{"loc":{"start":{"line":19,"column":58},"end":{"line":19,"column":74}},"type":"default-arg","locations":[{"start":{"line":19,"column":71},"end":{"line":19,"column":74}}],"line":19},"7":{"loc":{"start":{"line":23,"column":22},"end":{"line":23,"column":63}},"type":"default-arg","locations":[{"start":{"line":23,"column":61},"end":{"line":23,"column":63}}],"line":23},"8":{"loc":{"start":{"line":23,"column":24},"end":{"line":23,"column":43}},"type":"default-arg","locations":[{"start":{"line":23,"column":34},"end":{"line":23,"column":43}}],"line":23},"9":{"loc":{"start":{"line":23,"column":45},"end":{"line":23,"column":56}},"type":"default-arg","locations":[{"start":{"line":23,"column":52},"end":{"line":23,"column":56}}],"line":23},"10":{"loc":{"start":{"line":42,"column":25},"end":{"line":42,"column":48}},"type":"default-arg","locations":[{"start":{"line":42,"column":35},"end":{"line":42,"column":48}}],"line":42},"11":{"loc":{"start":{"line":42,"column":50},"end":{"line":42,"column":63}},"type":"default-arg","locations":[{"start":{"line":42,"column":59},"end":{"line":42,"column":63}}],"line":42},"12":{"loc":{"start":{"line":46,"column":27},"end":{"line":46,"column":51}},"type":"default-arg","locations":[{"start":{"line":46,"column":37},"end":{"line":46,"column":51}}],"line":46},"13":{"loc":{"start":{"line":50,"column":24},"end":{"line":50,"column":74}},"type":"default-arg","locations":[{"start":{"line":50,"column":34},"end":{"line":50,"column":74}}],"line":50},"14":{"loc":{"start":{"line":54,"column":23},"end":{"line":54,"column":53}},"type":"default-arg","locations":[{"start":{"line":54,"column":33},"end":{"line":54,"column":53}}],"line":54},"15":{"loc":{"start":{"line":58,"column":23},"end":{"line":58,"column":43}},"type":"default-arg","locations":[{"start":{"line":58,"column":33},"end":{"line":58,"column":43}}],"line":58},"16":{"loc":{"start":{"line":62,"column":26},"end":{"line":62,"column":59}},"type":"default-arg","locations":[{"start":{"line":62,"column":36},"end":{"line":62,"column":59}}],"line":62}},"s":{"0":1,"1":43,"2":0,"3":1,"4":0,"5":0,"6":0,"7":0,"8":0,"9":0,"10":0,"11":0,"12":0,"13":0,"14":0,"15":0,"16":0,"17":1},"f":{"0":43,"1":0,"2":0,"3":0,"4":0,"5":0,"6":0,"7":0,"8":0,"9":0,"10":0,"11":0},"b":{"0":[0,0],"1":[0,0,0],"2":[0,0],"3":[0],"4":[0],"5":[0],"6":[0],"7":[0],"8":[0],"9":[0],"10":[0],"11":[0],"12":[0],"13":[0],"14":[0],"15":[0],"16":[0]},"_coverageSchema":"1a1c01bbd47fc00a2c39e90264f33305004495a9","hash":"41be3f7306d026a45adf9af62fb7d31aecfc6930"}
,"D:\\digital-library-card-management\\digital-library\\backend\\utils\\emailService.js": {"path":"D:\\digital-library-card-management\\digital-library\\backend\\utils\\emailService.js","statementMap":{"0":{"start":{"line":1,"column":19},"end":{"line":1,"column":40}},"1":{"start":{"line":2,"column":15},"end":{"line":2,"column":34}},"2":{"start":{"line":5,"column":26},"end":{"line":18,"column":1}},"3":{"start":{"line":6,"column":2},"end":{"line":8,"column":3}},"4":{"start":{"line":7,"column":4},"end":{"line":7,"column":61}},"5":{"start":{"line":7,"column":36},"end":{"line":7,"column":57}},"6":{"start":{"line":9,"column":2},"end":{"line":17,"column":5}},"7":{"start":{"line":20,"column":13},"end":{"line":33,"column":1}},"8":{"start":{"line":21,"column":2},"end":{"line":24,"column":3}},"9":{"start":{"line":22,"column":4},"end":{"line":22,"column":56}},"10":{"start":{"line":23,"column":4},"end":{"line":23,"column":11}},"11":{"start":{"line":25,"column":22},"end":{"line":25,"column":41}},"12":{"start":{"line":26,"column":15},"end":{"line":31,"column":4}},"13":{"start":{"line":32,"column":2},"end":{"line":32,"column":47}},"14":{"start":{"line":35,"column":21},"end":{"line":80,"column":1}},"15":{"start":{"line":37,"column":4},"end":{"line":48,"column":7}},"16":{"start":{"line":52,"column":20},"end":{"line":54,"column":71}},"17":{"start":{"line":55,"column":4},"end":{"line":65,"column":7}},"18":{"start":{"line":69,"column":4},"end":{"line":78,"column":7}},"19":{"start":{"line":82,"column":0},"end":{"line":82,"column":30}}},"fnMap":{"0":{"name":"(anonymous_0)","decl":{"start":{"line":5,"column":26},"end":{"line":5,"column":27}},"loc":{"start":{"line":5,"column":32},"end":{"line":18,"column":1}},"line":5},"1":{"name":"(anonymous_1)","decl":{"start":{"line":7,"column":23},"end":{"line":7,"column":24}},"loc":{"start":{"line":7,"column":36},"end":{"line":7,"column":57}},"line":7},"2":{"name":"(anonymous_2)","decl":{"start":{"line":20,"column":13},"end":{"line":20,"column":14}},"loc":{"start":{"line":20,"column":46},"end":{"line":33,"column":1}},"line":20},"3":{"name":"(anonymous_3)","decl":{"start":{"line":36,"column":18},"end":{"line":36,"column":19}},"loc":{"start":{"line":36,"column":56},"end":{"line":49,"column":3}},"line":36},"4":{"name":"(anonymous_4)","decl":{"start":{"line":51,"column":20},"end":{"line":51,"column":21}},"loc":{"start":{"line":51,"column":51},"end":{"line":66,"column":3}},"line":51},"5":{"name":"(anonymous_5)","decl":{"start":{"line":68,"column":20},"end":{"line":68,"column":21}},"loc":{"start":{"line":68,"column":45},"end":{"line":79,"column":3}},"line":68}},"branchMap":{"0":{"loc":{"start":{"line":6,"column":2},"end":{"line":8,"column":3}},"type":"if","locations":[{"start":{"line":6,"column":2},"end":{"line":8,"column":3}},{"start":{},"end":{}}],"line":6},"1":{"loc":{"start":{"line":10,"column":10},"end":{"line":10,"column":52}},"type":"binary-expr","locations":[{"start":{"line":10,"column":10},"end":{"line":10,"column":32}},{"start":{"line":10,"column":36},"end":{"line":10,"column":52}}],"line":10},"2":{"loc":{"start":{"line":11,"column":10},"end":{"line":11,"column":49}},"type":"binary-expr","locations":[{"start":{"line":11,"column":10},"end":{"line":11,"column":42}},{"start":{"line":11,"column":46},"end":{"line":11,"column":49}}],"line":11},"3":{"loc":{"start":{"line":21,"column":2},"end":{"line":24,"column":3}},"type":"if","locations":[{"start":{"line":21,"column":2},"end":{"line":24,"column":3}},{"start":{},"end":{}}],"line":21},"4":{"loc":{"start":{"line":27,"column":10},"end":{"line":27,"column":82}},"type":"binary-expr","locations":[{"start":{"line":27,"column":10},"end":{"line":27,"column":32}},{"start":{"line":27,"column":36},"end":{"line":27,"column":82}}],"line":27},"5":{"loc":{"start":{"line":45,"column":57},"end":{"line":45,"column":86}},"type":"binary-expr","locations":[{"start":{"line":45,"column":57},"end":{"line":45,"column":81}},{"start":{"line":45,"column":85},"end":{"line":45,"column":86}}],"line":45},"6":{"loc":{"start":{"line":52,"column":20},"end":{"line":54,"column":71}},"type":"cond-expr","locations":[{"start":{"line":53,"column":8},"end":{"line":53,"column":145}},{"start":{"line":54,"column":8},"end":{"line":54,"column":71}}],"line":52}},"s":{"0":1,"1":1,"2":1,"3":0,"4":0,"5":0,"6":0,"7":1,"8":0,"9":0,"10":0,"11":0,"12":0,"13":0,"14":1,"15":0,"16":0,"17":0,"18":0,"19":1},"f":{"0":0,"1":0,"2":0,"3":0,"4":0,"5":0},"b":{"0":[0,0],"1":[0,0],"2":[0,0],"3":[0,0],"4":[0,0],"5":[0,0],"6":[0,0]},"_coverageSchema":"1a1c01bbd47fc00a2c39e90264f33305004495a9","hash":"945ff4b5c7e95f3496d3d361d3f0193efd5d532f"}
,"D:\\digital-library-card-management\\digital-library\\backend\\utils\\fineCalculator.js": {"path":"D:\\digital-library-card-management\\digital-library\\backend\\utils\\fineCalculator.js","statementMap":{"0":{"start":{"line":6,"column":22},"end":{"line":21,"column":1}},"1":{"start":{"line":7,"column":14},"end":{"line":7,"column":31}},"2":{"start":{"line":8,"column":19},"end":{"line":8,"column":39}},"3":{"start":{"line":11,"column":2},"end":{"line":11,"column":27}},"4":{"start":{"line":12,"column":2},"end":{"line":12,"column":32}},"5":{"start":{"line":14,"column":17},"end":{"line":14,"column":31}},"6":{"start":{"line":15,"column":22},"end":{"line":15,"column":81}},"7":{"start":{"line":16,"column":21},"end":{"line":16,"column":62}},"8":{"start":{"line":17,"column":21},"end":{"line":17,"column":45}},"9":{"start":{"line":18,"column":20},"end":{"line":18,"column":35}},"10":{"start":{"line":20,"column":2},"end":{"line":20,"column":60}},"11":{"start":{"line":27,"column":25},"end":{"line":32,"column":1}},"12":{"start":{"line":28,"column":18},"end":{"line":28,"column":60}},"13":{"start":{"line":29,"column":18},"end":{"line":29,"column":37}},"14":{"start":{"line":30,"column":2},"end":{"line":30,"column":47}},"15":{"start":{"line":31,"column":2},"end":{"line":31,"column":17}},"16":{"start":{"line":34,"column":0},"end":{"line":34,"column":53}}},"fnMap":{"0":{"name":"(anonymous_0)","decl":{"start":{"line":6,"column":22},"end":{"line":6,"column":23}},"loc":{"start":{"line":6,"column":60},"end":{"line":21,"column":1}},"line":6},"1":{"name":"(anonymous_1)","decl":{"start":{"line":27,"column":25},"end":{"line":27,"column":26}},"loc":{"start":{"line":27,"column":53},"end":{"line":32,"column":1}},"line":27}},"branchMap":{"0":{"loc":{"start":{"line":6,"column":32},"end":{"line":6,"column":55}},"type":"default-arg","locations":[{"start":{"line":6,"column":45},"end":{"line":6,"column":55}}],"line":6},"1":{"loc":{"start":{"line":15,"column":22},"end":{"line":15,"column":81}},"type":"cond-expr","locations":[{"start":{"line":15,"column":35},"end":{"line":15,"column":77}},{"start":{"line":15,"column":80},"end":{"line":15,"column":81}}],"line":15},"2":{"loc":{"start":{"line":16,"column":21},"end":{"line":16,"column":62}},"type":"binary-expr","locations":[{"start":{"line":16,"column":21},"end":{"line":16,"column":57}},{"start":{"line":16,"column":61},"end":{"line":16,"column":62}}],"line":16},"3":{"loc":{"start":{"line":27,"column":26},"end":{"line":27,"column":48}},"type":"default-arg","locations":[{"start":{"line":27,"column":38},"end":{"line":27,"column":48}}],"line":27},"4":{"loc":{"start":{"line":28,"column":18},"end":{"line":28,"column":60}},"type":"binary-expr","locations":[{"start":{"line":28,"column":18},"end":{"line":28,"column":54}},{"start":{"line":28,"column":58},"end":{"line":28,"column":60}}],"line":28}},"s":{"0":2,"1":2,"2":2,"3":2,"4":2,"5":2,"6":2,"7":2,"8":2,"9":2,"10":2,"11":2,"12":1,"13":1,"14":1,"15":1,"16":2},"f":{"0":2,"1":1},"b":{"0":[0],"1":[1,1],"2":[2,0],"3":[0],"4":[1,0]},"_coverageSchema":"1a1c01bbd47fc00a2c39e90264f33305004495a9","hash":"539510dfa9fb37636fc40cd9cbf0e1e2c6e889c6"}
,"D:\\digital-library-card-management\\digital-library\\backend\\utils\\logger.js": {"path":"D:\\digital-library-card-management\\digital-library\\backend\\utils\\logger.js","statementMap":{"0":{"start":{"line":1,"column":16},"end":{"line":1,"column":34}},"1":{"start":{"line":2,"column":13},"end":{"line":2,"column":28}},"2":{"start":{"line":4,"column":15},"end":{"line":4,"column":46}},"3":{"start":{"line":6,"column":15},"end":{"line":32,"column":2}},"4":{"start":{"line":12,"column":6},"end":{"line":14,"column":62}},"5":{"start":{"line":35,"column":0},"end":{"line":37,"column":2}},"6":{"start":{"line":36,"column":22},"end":{"line":36,"column":49}},"7":{"start":{"line":39,"column":0},"end":{"line":39,"column":24}}},"fnMap":{"0":{"name":"(anonymous_0)","decl":{"start":{"line":11,"column":26},"end":{"line":11,"column":27}},"loc":{"start":{"line":11,"column":68},"end":{"line":15,"column":5}},"line":11},"1":{"name":"(anonymous_1)","decl":{"start":{"line":36,"column":9},"end":{"line":36,"column":10}},"loc":{"start":{"line":36,"column":22},"end":{"line":36,"column":49}},"line":36}},"branchMap":{"0":{"loc":{"start":{"line":4,"column":15},"end":{"line":4,"column":46}},"type":"binary-expr","locations":[{"start":{"line":4,"column":15},"end":{"line":4,"column":34}},{"start":{"line":4,"column":38},"end":{"line":4,"column":46}}],"line":4},"1":{"loc":{"start":{"line":7,"column":9},"end":{"line":7,"column":40}},"type":"binary-expr","locations":[{"start":{"line":7,"column":9},"end":{"line":7,"column":30}},{"start":{"line":7,"column":34},"end":{"line":7,"column":40}}],"line":7},"2":{"loc":{"start":{"line":12,"column":13},"end":{"line":14,"column":61}},"type":"cond-expr","locations":[{"start":{"line":13,"column":10},"end":{"line":13,"column":71}},{"start":{"line":14,"column":10},"end":{"line":14,"column":61}}],"line":12}},"s":{"0":1,"1":1,"2":1,"3":1,"4":1,"5":1,"6":1,"7":1},"f":{"0":1,"1":1},"b":{"0":[1,0],"1":[1,0],"2":[0,1]},"_coverageSchema":"1a1c01bbd47fc00a2c39e90264f33305004495a9","hash":"4210fdf8a564cb9951d2259405919fe9d8ad7eaa"}
}
